<?xml version="1.0" encoding="UTF-8"?>
<testsuites name="jest tests" tests="299" failures="48" errors="0" time="2.655">
  <testsuite name="Real Chapter Controller" errors="0" failures="42" skipped="0" timestamp="2025-08-20T06:40:59" time="0.726" tests="56">
    <testcase classname="Real Chapter Controller Form Lifecycle Events Onload Handler should execute onload handler without errors" name="Real Chapter Controller Form Lifecycle Events Onload Handler should execute onload handler without errors" time="0.003">
    </testcase>
    <testcase classname="Real Chapter Controller Form Lifecycle Events Onload Handler should initialize chapter form functionality once" name="Real Chapter Controller Form Lifecycle Events Onload Handler should initialize chapter form functionality once" time="0.003">
      <failure>Error: expect(received).toHaveBeenCalledWith(...expected)

Matcher error: received value must be a mock or spy function

Received has value: undefined
    at Object.toHaveBeenCalledWith (/home/frappe/frappe-bench/apps/verenigingen/verenigingen/tests/unit/doctype/test_chapter_controller.test.js:217:58)
    at Promise.then.completed (/home/frappe/frappe-bench/apps/verenigingen/node_modules/jest-circus/build/utils.js:298:28)
    at new Promise (&lt;anonymous&gt;)
    at callAsyncCircusFn (/home/frappe/frappe-bench/apps/verenigingen/node_modules/jest-circus/build/utils.js:231:10)
    at _callCircusTest (/home/frappe/frappe-bench/apps/verenigingen/node_modules/jest-circus/build/run.js:316:40)
    at _runTest (/home/frappe/frappe-bench/apps/verenigingen/node_modules/jest-circus/build/run.js:252:3)
    at _runTestsForDescribeBlock (/home/frappe/frappe-bench/apps/verenigingen/node_modules/jest-circus/build/run.js:126:9)
    at _runTestsForDescribeBlock (/home/frappe/frappe-bench/apps/verenigingen/node_modules/jest-circus/build/run.js:121:9)
    at _runTestsForDescribeBlock (/home/frappe/frappe-bench/apps/verenigingen/node_modules/jest-circus/build/run.js:121:9)
    at _runTestsForDescribeBlock (/home/frappe/frappe-bench/apps/verenigingen/node_modules/jest-circus/build/run.js:121:9)
    at run (/home/frappe/frappe-bench/apps/verenigingen/node_modules/jest-circus/build/run.js:71:3)
    at runAndTransformResultsToJestFormat (/home/frappe/frappe-bench/apps/verenigingen/node_modules/jest-circus/build/legacy-code-todo-rewrite/jestAdapterInit.js:122:21)
    at jestAdapter (/home/frappe/frappe-bench/apps/verenigingen/node_modules/jest-circus/build/legacy-code-todo-rewrite/jestAdapter.js:79:19)
    at runTestInternal (/home/frappe/frappe-bench/apps/verenigingen/node_modules/jest-runner/build/runTest.js:367:16)
    at runTest (/home/frappe/frappe-bench/apps/verenigingen/node_modules/jest-runner/build/runTest.js:444:34)</failure>
    </testcase>
    <testcase classname="Real Chapter Controller Form Lifecycle Events Onload Handler should not reinitialize if already initialized" name="Real Chapter Controller Form Lifecycle Events Onload Handler should not reinitialize if already initialized" time="0.001">
      <failure>Error: expect(received).not.toHaveBeenCalled()

Matcher error: received value must be a mock or spy function

Received has value: undefined
    at Object.toHaveBeenCalled (/home/frappe/frappe-bench/apps/verenigingen/verenigingen/tests/unit/doctype/test_chapter_controller.test.js:226:62)
    at Promise.then.completed (/home/frappe/frappe-bench/apps/verenigingen/node_modules/jest-circus/build/utils.js:298:28)
    at new Promise (&lt;anonymous&gt;)
    at callAsyncCircusFn (/home/frappe/frappe-bench/apps/verenigingen/node_modules/jest-circus/build/utils.js:231:10)
    at _callCircusTest (/home/frappe/frappe-bench/apps/verenigingen/node_modules/jest-circus/build/run.js:316:40)
    at _runTest (/home/frappe/frappe-bench/apps/verenigingen/node_modules/jest-circus/build/run.js:252:3)
    at _runTestsForDescribeBlock (/home/frappe/frappe-bench/apps/verenigingen/node_modules/jest-circus/build/run.js:126:9)
    at _runTestsForDescribeBlock (/home/frappe/frappe-bench/apps/verenigingen/node_modules/jest-circus/build/run.js:121:9)
    at _runTestsForDescribeBlock (/home/frappe/frappe-bench/apps/verenigingen/node_modules/jest-circus/build/run.js:121:9)
    at _runTestsForDescribeBlock (/home/frappe/frappe-bench/apps/verenigingen/node_modules/jest-circus/build/run.js:121:9)
    at run (/home/frappe/frappe-bench/apps/verenigingen/node_modules/jest-circus/build/run.js:71:3)
    at runAndTransformResultsToJestFormat (/home/frappe/frappe-bench/apps/verenigingen/node_modules/jest-circus/build/legacy-code-todo-rewrite/jestAdapterInit.js:122:21)
    at jestAdapter (/home/frappe/frappe-bench/apps/verenigingen/node_modules/jest-circus/build/legacy-code-todo-rewrite/jestAdapter.js:79:19)
    at runTestInternal (/home/frappe/frappe-bench/apps/verenigingen/node_modules/jest-runner/build/runTest.js:367:16)
    at runTest (/home/frappe/frappe-bench/apps/verenigingen/node_modules/jest-runner/build/runTest.js:444:34)</failure>
    </testcase>
    <testcase classname="Real Chapter Controller Form Lifecycle Events Refresh Handler should execute refresh handler without errors" name="Real Chapter Controller Form Lifecycle Events Refresh Handler should execute refresh handler without errors" time="0.024">
      <failure>Error: expect(received).not.toThrow()

Error name:    &quot;TypeError&quot;
Error message: &quot;frm.fields_dict.board_members.grid.get_field is not a function&quot;

      402 | 	// Set up board members grid
      403 | 	if (frm.fields_dict.board_members &amp;&amp; frm.fields_dict.board_members.grid) {
    &gt; 404 | 		frm.fields_dict.board_members.grid.get_field(&apos;volunteer&apos;).get_query = function () {
          | 		                                   ^
      405 | 			return {
      406 | 				filters: {
      407 | 					status: [&apos;in&apos;, [&apos;Active&apos;, &apos;New&apos;]]

      at setup_board_grid (verenigingen/verenigingen/doctype/chapter/chapter.js:404:38)
      at Object.refresh (verenigingen/verenigingen/doctype/chapter/chapter.js:93:3)
      at testFormEvent (verenigingen/tests/setup/controller-loader.js:309:34)
      at testFormEvent (verenigingen/tests/unit/doctype/test_chapter_controller.test.js:233:21)
      at Object.&lt;anonymous&gt; (node_modules/expect/build/toThrowMatchers.js:74:11)
      at Object.throwingMatcher [as toThrow] (node_modules/expect/build/index.js:320:21)
      at Object.toThrow (verenigingen/tests/unit/doctype/test_chapter_controller.test.js:234:24)
    at Object.toThrow (/home/frappe/frappe-bench/apps/verenigingen/verenigingen/tests/unit/doctype/test_chapter_controller.test.js:234:24)
    at Promise.then.completed (/home/frappe/frappe-bench/apps/verenigingen/node_modules/jest-circus/build/utils.js:298:28)
    at new Promise (&lt;anonymous&gt;)
    at callAsyncCircusFn (/home/frappe/frappe-bench/apps/verenigingen/node_modules/jest-circus/build/utils.js:231:10)
    at _callCircusTest (/home/frappe/frappe-bench/apps/verenigingen/node_modules/jest-circus/build/run.js:316:40)
    at _runTest (/home/frappe/frappe-bench/apps/verenigingen/node_modules/jest-circus/build/run.js:252:3)
    at _runTestsForDescribeBlock (/home/frappe/frappe-bench/apps/verenigingen/node_modules/jest-circus/build/run.js:126:9)
    at _runTestsForDescribeBlock (/home/frappe/frappe-bench/apps/verenigingen/node_modules/jest-circus/build/run.js:121:9)
    at _runTestsForDescribeBlock (/home/frappe/frappe-bench/apps/verenigingen/node_modules/jest-circus/build/run.js:121:9)
    at _runTestsForDescribeBlock (/home/frappe/frappe-bench/apps/verenigingen/node_modules/jest-circus/build/run.js:121:9)
    at run (/home/frappe/frappe-bench/apps/verenigingen/node_modules/jest-circus/build/run.js:71:3)
    at runAndTransformResultsToJestFormat (/home/frappe/frappe-bench/apps/verenigingen/node_modules/jest-circus/build/legacy-code-todo-rewrite/jestAdapterInit.js:122:21)
    at jestAdapter (/home/frappe/frappe-bench/apps/verenigingen/node_modules/jest-circus/build/legacy-code-todo-rewrite/jestAdapter.js:79:19)
    at runTestInternal (/home/frappe/frappe-bench/apps/verenigingen/node_modules/jest-runner/build/runTest.js:367:16)
    at runTest (/home/frappe/frappe-bench/apps/verenigingen/node_modules/jest-runner/build/runTest.js:444:34)</failure>
    </testcase>
    <testcase classname="Real Chapter Controller Form Lifecycle Events Refresh Handler should setup chapter UI components" name="Real Chapter Controller Form Lifecycle Events Refresh Handler should setup chapter UI components" time="0.001">
      <failure>TypeError: frm.fields_dict.board_members.grid.get_field is not a function
    at setup_board_grid (/home/frappe/frappe-bench/apps/verenigingen/verenigingen/verenigingen/doctype/chapter/chapter.js:404:38)
    at Object.refresh (/home/frappe/frappe-bench/apps/verenigingen/verenigingen/verenigingen/doctype/chapter/chapter.js:93:3)
    at testFormEvent (/home/frappe/frappe-bench/apps/verenigingen/verenigingen/tests/setup/controller-loader.js:309:34)
    at Object.testFormEvent (/home/frappe/frappe-bench/apps/verenigingen/verenigingen/tests/unit/doctype/test_chapter_controller.test.js:238:17)
    at Promise.then.completed (/home/frappe/frappe-bench/apps/verenigingen/node_modules/jest-circus/build/utils.js:298:28)
    at new Promise (&lt;anonymous&gt;)
    at callAsyncCircusFn (/home/frappe/frappe-bench/apps/verenigingen/node_modules/jest-circus/build/utils.js:231:10)
    at _callCircusTest (/home/frappe/frappe-bench/apps/verenigingen/node_modules/jest-circus/build/run.js:316:40)
    at _runTest (/home/frappe/frappe-bench/apps/verenigingen/node_modules/jest-circus/build/run.js:252:3)
    at _runTestsForDescribeBlock (/home/frappe/frappe-bench/apps/verenigingen/node_modules/jest-circus/build/run.js:126:9)</failure>
    </testcase>
    <testcase classname="Real Chapter Controller Form Lifecycle Events Validate Handler should execute validate handler without errors" name="Real Chapter Controller Form Lifecycle Events Validate Handler should execute validate handler without errors" time="0.001">
    </testcase>
    <testcase classname="Real Chapter Controller Form Lifecycle Events Validate Handler should call chapter form validation" name="Real Chapter Controller Form Lifecycle Events Validate Handler should call chapter form validation" time="0.001">
      <failure>Error: expect(received).toHaveBeenCalledWith(...expected)

Matcher error: received value must be a mock or spy function

Received has value: undefined
    at Object.toHaveBeenCalledWith (/home/frappe/frappe-bench/apps/verenigingen/verenigingen/tests/unit/doctype/test_chapter_controller.test.js:258:61)
    at Promise.then.completed (/home/frappe/frappe-bench/apps/verenigingen/node_modules/jest-circus/build/utils.js:298:28)
    at new Promise (&lt;anonymous&gt;)
    at callAsyncCircusFn (/home/frappe/frappe-bench/apps/verenigingen/node_modules/jest-circus/build/utils.js:231:10)
    at _callCircusTest (/home/frappe/frappe-bench/apps/verenigingen/node_modules/jest-circus/build/run.js:316:40)
    at _runTest (/home/frappe/frappe-bench/apps/verenigingen/node_modules/jest-circus/build/run.js:252:3)
    at _runTestsForDescribeBlock (/home/frappe/frappe-bench/apps/verenigingen/node_modules/jest-circus/build/run.js:126:9)
    at _runTestsForDescribeBlock (/home/frappe/frappe-bench/apps/verenigingen/node_modules/jest-circus/build/run.js:121:9)
    at _runTestsForDescribeBlock (/home/frappe/frappe-bench/apps/verenigingen/node_modules/jest-circus/build/run.js:121:9)
    at _runTestsForDescribeBlock (/home/frappe/frappe-bench/apps/verenigingen/node_modules/jest-circus/build/run.js:121:9)
    at run (/home/frappe/frappe-bench/apps/verenigingen/node_modules/jest-circus/build/run.js:71:3)
    at runAndTransformResultsToJestFormat (/home/frappe/frappe-bench/apps/verenigingen/node_modules/jest-circus/build/legacy-code-todo-rewrite/jestAdapterInit.js:122:21)
    at jestAdapter (/home/frappe/frappe-bench/apps/verenigingen/node_modules/jest-circus/build/legacy-code-todo-rewrite/jestAdapter.js:79:19)
    at runTestInternal (/home/frappe/frappe-bench/apps/verenigingen/node_modules/jest-runner/build/runTest.js:367:16)
    at runTest (/home/frappe/frappe-bench/apps/verenigingen/node_modules/jest-runner/build/runTest.js:444:34)</failure>
    </testcase>
    <testcase classname="Real Chapter Controller Form Lifecycle Events Validate Handler should return false when validation fails" name="Real Chapter Controller Form Lifecycle Events Validate Handler should return false when validation fails" time="0.001">
      <failure>TypeError: Cannot read properties of undefined (reading &apos;mockReturnValue&apos;)
    at Object.mockReturnValue (/home/frappe/frappe-bench/apps/verenigingen/verenigingen/tests/unit/doctype/test_chapter_controller.test.js:262:53)
    at Promise.then.completed (/home/frappe/frappe-bench/apps/verenigingen/node_modules/jest-circus/build/utils.js:298:28)
    at new Promise (&lt;anonymous&gt;)
    at callAsyncCircusFn (/home/frappe/frappe-bench/apps/verenigingen/node_modules/jest-circus/build/utils.js:231:10)
    at _callCircusTest (/home/frappe/frappe-bench/apps/verenigingen/node_modules/jest-circus/build/run.js:316:40)
    at _runTest (/home/frappe/frappe-bench/apps/verenigingen/node_modules/jest-circus/build/run.js:252:3)
    at _runTestsForDescribeBlock (/home/frappe/frappe-bench/apps/verenigingen/node_modules/jest-circus/build/run.js:126:9)
    at _runTestsForDescribeBlock (/home/frappe/frappe-bench/apps/verenigingen/node_modules/jest-circus/build/run.js:121:9)
    at _runTestsForDescribeBlock (/home/frappe/frappe-bench/apps/verenigingen/node_modules/jest-circus/build/run.js:121:9)
    at _runTestsForDescribeBlock (/home/frappe/frappe-bench/apps/verenigingen/node_modules/jest-circus/build/run.js:121:9)
    at run (/home/frappe/frappe-bench/apps/verenigingen/node_modules/jest-circus/build/run.js:71:3)
    at runAndTransformResultsToJestFormat (/home/frappe/frappe-bench/apps/verenigingen/node_modules/jest-circus/build/legacy-code-todo-rewrite/jestAdapterInit.js:122:21)
    at jestAdapter (/home/frappe/frappe-bench/apps/verenigingen/node_modules/jest-circus/build/legacy-code-todo-rewrite/jestAdapter.js:79:19)
    at runTestInternal (/home/frappe/frappe-bench/apps/verenigingen/node_modules/jest-runner/build/runTest.js:367:16)
    at runTest (/home/frappe/frappe-bench/apps/verenigingen/node_modules/jest-runner/build/runTest.js:444:34)</failure>
    </testcase>
    <testcase classname="Real Chapter Controller Form Lifecycle Events Before Save Handler should execute before_save handler without errors" name="Real Chapter Controller Form Lifecycle Events Before Save Handler should execute before_save handler without errors" time="0.001">
    </testcase>
    <testcase classname="Real Chapter Controller Form Lifecycle Events Before Save Handler should prepare chapter for saving" name="Real Chapter Controller Form Lifecycle Events Before Save Handler should prepare chapter for saving" time="0.001">
      <failure>Error: expect(received).toHaveBeenCalledWith(...expected)

Matcher error: received value must be a mock or spy function

Received has value: undefined
    at Object.toHaveBeenCalledWith (/home/frappe/frappe-bench/apps/verenigingen/verenigingen/tests/unit/doctype/test_chapter_controller.test.js:281:60)
    at Promise.then.completed (/home/frappe/frappe-bench/apps/verenigingen/node_modules/jest-circus/build/utils.js:298:28)
    at new Promise (&lt;anonymous&gt;)
    at callAsyncCircusFn (/home/frappe/frappe-bench/apps/verenigingen/node_modules/jest-circus/build/utils.js:231:10)
    at _callCircusTest (/home/frappe/frappe-bench/apps/verenigingen/node_modules/jest-circus/build/run.js:316:40)
    at _runTest (/home/frappe/frappe-bench/apps/verenigingen/node_modules/jest-circus/build/run.js:252:3)
    at _runTestsForDescribeBlock (/home/frappe/frappe-bench/apps/verenigingen/node_modules/jest-circus/build/run.js:126:9)
    at _runTestsForDescribeBlock (/home/frappe/frappe-bench/apps/verenigingen/node_modules/jest-circus/build/run.js:121:9)
    at _runTestsForDescribeBlock (/home/frappe/frappe-bench/apps/verenigingen/node_modules/jest-circus/build/run.js:121:9)
    at _runTestsForDescribeBlock (/home/frappe/frappe-bench/apps/verenigingen/node_modules/jest-circus/build/run.js:121:9)
    at run (/home/frappe/frappe-bench/apps/verenigingen/node_modules/jest-circus/build/run.js:71:3)
    at runAndTransformResultsToJestFormat (/home/frappe/frappe-bench/apps/verenigingen/node_modules/jest-circus/build/legacy-code-todo-rewrite/jestAdapterInit.js:122:21)
    at jestAdapter (/home/frappe/frappe-bench/apps/verenigingen/node_modules/jest-circus/build/legacy-code-todo-rewrite/jestAdapter.js:79:19)
    at runTestInternal (/home/frappe/frappe-bench/apps/verenigingen/node_modules/jest-runner/build/runTest.js:367:16)
    at runTest (/home/frappe/frappe-bench/apps/verenigingen/node_modules/jest-runner/build/runTest.js:444:34)</failure>
    </testcase>
    <testcase classname="Real Chapter Controller Form Lifecycle Events After Save Handler should execute after_save handler without errors" name="Real Chapter Controller Form Lifecycle Events After Save Handler should execute after_save handler without errors" time="0.001">
    </testcase>
    <testcase classname="Real Chapter Controller Form Lifecycle Events After Save Handler should handle post-save operations" name="Real Chapter Controller Form Lifecycle Events After Save Handler should handle post-save operations" time="0.001">
      <failure>Error: expect(received).toHaveBeenCalledWith(...expected)

Matcher error: received value must be a mock or spy function

Received has value: undefined
    at Object.toHaveBeenCalledWith (/home/frappe/frappe-bench/apps/verenigingen/verenigingen/tests/unit/doctype/test_chapter_controller.test.js:295:65)
    at Promise.then.completed (/home/frappe/frappe-bench/apps/verenigingen/node_modules/jest-circus/build/utils.js:298:28)
    at new Promise (&lt;anonymous&gt;)
    at callAsyncCircusFn (/home/frappe/frappe-bench/apps/verenigingen/node_modules/jest-circus/build/utils.js:231:10)
    at _callCircusTest (/home/frappe/frappe-bench/apps/verenigingen/node_modules/jest-circus/build/run.js:316:40)
    at _runTest (/home/frappe/frappe-bench/apps/verenigingen/node_modules/jest-circus/build/run.js:252:3)
    at _runTestsForDescribeBlock (/home/frappe/frappe-bench/apps/verenigingen/node_modules/jest-circus/build/run.js:126:9)
    at _runTestsForDescribeBlock (/home/frappe/frappe-bench/apps/verenigingen/node_modules/jest-circus/build/run.js:121:9)
    at _runTestsForDescribeBlock (/home/frappe/frappe-bench/apps/verenigingen/node_modules/jest-circus/build/run.js:121:9)
    at _runTestsForDescribeBlock (/home/frappe/frappe-bench/apps/verenigingen/node_modules/jest-circus/build/run.js:121:9)
    at run (/home/frappe/frappe-bench/apps/verenigingen/node_modules/jest-circus/build/run.js:71:3)
    at runAndTransformResultsToJestFormat (/home/frappe/frappe-bench/apps/verenigingen/node_modules/jest-circus/build/legacy-code-todo-rewrite/jestAdapterInit.js:122:21)
    at jestAdapter (/home/frappe/frappe-bench/apps/verenigingen/node_modules/jest-circus/build/legacy-code-todo-rewrite/jestAdapter.js:79:19)
    at runTestInternal (/home/frappe/frappe-bench/apps/verenigingen/node_modules/jest-runner/build/runTest.js:367:16)
    at runTest (/home/frappe/frappe-bench/apps/verenigingen/node_modules/jest-runner/build/runTest.js:444:34)</failure>
    </testcase>
    <testcase classname="Real Chapter Controller Field Event Handlers Postal Codes Handler should execute postal_codes handler without errors" name="Real Chapter Controller Field Event Handlers Postal Codes Handler should execute postal_codes handler without errors" time="0.001">
    </testcase>
    <testcase classname="Real Chapter Controller Field Event Handlers Postal Codes Handler should validate postal codes when changed" name="Real Chapter Controller Field Event Handlers Postal Codes Handler should validate postal codes when changed" time="0.001">
      <failure>Error: expect(received).toHaveBeenCalledWith(...expected)

Matcher error: received value must be a mock or spy function

Received has value: undefined
    at Object.toHaveBeenCalledWith (/home/frappe/frappe-bench/apps/verenigingen/verenigingen/tests/unit/doctype/test_chapter_controller.test.js:313:61)
    at Promise.then.completed (/home/frappe/frappe-bench/apps/verenigingen/node_modules/jest-circus/build/utils.js:298:28)
    at new Promise (&lt;anonymous&gt;)
    at callAsyncCircusFn (/home/frappe/frappe-bench/apps/verenigingen/node_modules/jest-circus/build/utils.js:231:10)
    at _callCircusTest (/home/frappe/frappe-bench/apps/verenigingen/node_modules/jest-circus/build/run.js:316:40)
    at _runTest (/home/frappe/frappe-bench/apps/verenigingen/node_modules/jest-circus/build/run.js:252:3)
    at _runTestsForDescribeBlock (/home/frappe/frappe-bench/apps/verenigingen/node_modules/jest-circus/build/run.js:126:9)
    at _runTestsForDescribeBlock (/home/frappe/frappe-bench/apps/verenigingen/node_modules/jest-circus/build/run.js:121:9)
    at _runTestsForDescribeBlock (/home/frappe/frappe-bench/apps/verenigingen/node_modules/jest-circus/build/run.js:121:9)
    at _runTestsForDescribeBlock (/home/frappe/frappe-bench/apps/verenigingen/node_modules/jest-circus/build/run.js:121:9)
    at run (/home/frappe/frappe-bench/apps/verenigingen/node_modules/jest-circus/build/run.js:71:3)
    at runAndTransformResultsToJestFormat (/home/frappe/frappe-bench/apps/verenigingen/node_modules/jest-circus/build/legacy-code-todo-rewrite/jestAdapterInit.js:122:21)
    at jestAdapter (/home/frappe/frappe-bench/apps/verenigingen/node_modules/jest-circus/build/legacy-code-todo-rewrite/jestAdapter.js:79:19)
    at runTestInternal (/home/frappe/frappe-bench/apps/verenigingen/node_modules/jest-runner/build/runTest.js:367:16)
    at runTest (/home/frappe/frappe-bench/apps/verenigingen/node_modules/jest-runner/build/runTest.js:444:34)</failure>
    </testcase>
    <testcase classname="Real Chapter Controller Field Event Handlers Postal Codes Handler should handle Dutch postal code formats" name="Real Chapter Controller Field Event Handlers Postal Codes Handler should handle Dutch postal code formats" time="0.001">
    </testcase>
    <testcase classname="Real Chapter Controller Field Event Handlers Chapter Head Handler should execute chapter_head handler without errors" name="Real Chapter Controller Field Event Handlers Chapter Head Handler should execute chapter_head handler without errors" time="0.003">
    </testcase>
    <testcase classname="Real Chapter Controller Field Event Handlers Chapter Head Handler should validate chapter head is eligible volunteer" name="Real Chapter Controller Field Event Handlers Chapter Head Handler should validate chapter head is eligible volunteer" time="0.002">
      <failure>Error: expect(jest.fn()).toHaveBeenCalledWith(...expected)

Expected: ObjectContaining {&quot;method&quot;: StringContaining &quot;validate_chapter_head&quot;}

Number of calls: 0
    at Object.toHaveBeenCalledWith (/home/frappe/frappe-bench/apps/verenigingen/verenigingen/tests/unit/doctype/test_chapter_controller.test.js:347:44)
    at Promise.then.completed (/home/frappe/frappe-bench/apps/verenigingen/node_modules/jest-circus/build/utils.js:298:28)
    at new Promise (&lt;anonymous&gt;)
    at callAsyncCircusFn (/home/frappe/frappe-bench/apps/verenigingen/node_modules/jest-circus/build/utils.js:231:10)
    at _callCircusTest (/home/frappe/frappe-bench/apps/verenigingen/node_modules/jest-circus/build/run.js:316:40)
    at _runTest (/home/frappe/frappe-bench/apps/verenigingen/node_modules/jest-circus/build/run.js:252:3)
    at _runTestsForDescribeBlock (/home/frappe/frappe-bench/apps/verenigingen/node_modules/jest-circus/build/run.js:126:9)
    at _runTestsForDescribeBlock (/home/frappe/frappe-bench/apps/verenigingen/node_modules/jest-circus/build/run.js:121:9)
    at _runTestsForDescribeBlock (/home/frappe/frappe-bench/apps/verenigingen/node_modules/jest-circus/build/run.js:121:9)
    at _runTestsForDescribeBlock (/home/frappe/frappe-bench/apps/verenigingen/node_modules/jest-circus/build/run.js:121:9)
    at run (/home/frappe/frappe-bench/apps/verenigingen/node_modules/jest-circus/build/run.js:71:3)
    at runAndTransformResultsToJestFormat (/home/frappe/frappe-bench/apps/verenigingen/node_modules/jest-circus/build/legacy-code-todo-rewrite/jestAdapterInit.js:122:21)
    at jestAdapter (/home/frappe/frappe-bench/apps/verenigingen/node_modules/jest-circus/build/legacy-code-todo-rewrite/jestAdapter.js:79:19)
    at runTestInternal (/home/frappe/frappe-bench/apps/verenigingen/node_modules/jest-runner/build/runTest.js:367:16)
    at runTest (/home/frappe/frappe-bench/apps/verenigingen/node_modules/jest-runner/build/runTest.js:444:34)</failure>
    </testcase>
    <testcase classname="Real Chapter Controller Field Event Handlers Region Handler should execute region handler without errors" name="Real Chapter Controller Field Event Handlers Region Handler should execute region handler without errors" time="0.001">
    </testcase>
    <testcase classname="Real Chapter Controller Field Event Handlers Region Handler should validate region assignment" name="Real Chapter Controller Field Event Handlers Region Handler should validate region assignment" time="0.003">
      <failure>Error: expect(jest.fn()).toHaveBeenCalledWith(...expected)

Expected: ObjectContaining {&quot;method&quot;: StringContaining &quot;validate_region&quot;}
Received: {&quot;args&quot;: {&quot;doctype&quot;: &quot;Chapter&quot;, &quot;fields&quot;: [&quot;postal_codes&quot;], &quot;filters&quot;: {&quot;name&quot;: [&quot;!=&quot;, &quot;Amsterdam&quot;], &quot;region&quot;: &quot;Zuid-Holland&quot;}, &quot;limit_page_length&quot;: 5}, &quot;callback&quot;: [Function callback], &quot;error&quot;: [Function error], &quot;method&quot;: &quot;frappe.client.get_list&quot;}

Number of calls: 1
    at Object.toHaveBeenCalledWith (/home/frappe/frappe-bench/apps/verenigingen/verenigingen/tests/unit/doctype/test_chapter_controller.test.js:367:44)
    at Promise.then.completed (/home/frappe/frappe-bench/apps/verenigingen/node_modules/jest-circus/build/utils.js:298:28)
    at new Promise (&lt;anonymous&gt;)
    at callAsyncCircusFn (/home/frappe/frappe-bench/apps/verenigingen/node_modules/jest-circus/build/utils.js:231:10)
    at _callCircusTest (/home/frappe/frappe-bench/apps/verenigingen/node_modules/jest-circus/build/run.js:316:40)
    at _runTest (/home/frappe/frappe-bench/apps/verenigingen/node_modules/jest-circus/build/run.js:252:3)
    at _runTestsForDescribeBlock (/home/frappe/frappe-bench/apps/verenigingen/node_modules/jest-circus/build/run.js:126:9)
    at _runTestsForDescribeBlock (/home/frappe/frappe-bench/apps/verenigingen/node_modules/jest-circus/build/run.js:121:9)
    at _runTestsForDescribeBlock (/home/frappe/frappe-bench/apps/verenigingen/node_modules/jest-circus/build/run.js:121:9)
    at _runTestsForDescribeBlock (/home/frappe/frappe-bench/apps/verenigingen/node_modules/jest-circus/build/run.js:121:9)
    at run (/home/frappe/frappe-bench/apps/verenigingen/node_modules/jest-circus/build/run.js:71:3)
    at runAndTransformResultsToJestFormat (/home/frappe/frappe-bench/apps/verenigingen/node_modules/jest-circus/build/legacy-code-todo-rewrite/jestAdapterInit.js:122:21)
    at jestAdapter (/home/frappe/frappe-bench/apps/verenigingen/node_modules/jest-circus/build/legacy-code-todo-rewrite/jestAdapter.js:79:19)
    at runTestInternal (/home/frappe/frappe-bench/apps/verenigingen/node_modules/jest-runner/build/runTest.js:367:16)
    at runTest (/home/frappe/frappe-bench/apps/verenigingen/node_modules/jest-runner/build/runTest.js:444:34)</failure>
    </testcase>
    <testcase classname="Real Chapter Controller Field Event Handlers Published Handler should execute published handler without errors" name="Real Chapter Controller Field Event Handlers Published Handler should execute published handler without errors" time="0.001">
    </testcase>
    <testcase classname="Real Chapter Controller Field Event Handlers Published Handler should handle publication status changes" name="Real Chapter Controller Field Event Handlers Published Handler should handle publication status changes" time="0.001">
      <failure>Error: expect(jest.fn()).toHaveBeenCalledWith(...expected)

Expected: ObjectContaining {&quot;method&quot;: StringContaining &quot;update_publication_status&quot;}

Number of calls: 0
    at Object.toHaveBeenCalledWith (/home/frappe/frappe-bench/apps/verenigingen/verenigingen/tests/unit/doctype/test_chapter_controller.test.js:387:44)
    at Promise.then.completed (/home/frappe/frappe-bench/apps/verenigingen/node_modules/jest-circus/build/utils.js:298:28)
    at new Promise (&lt;anonymous&gt;)
    at callAsyncCircusFn (/home/frappe/frappe-bench/apps/verenigingen/node_modules/jest-circus/build/utils.js:231:10)
    at _callCircusTest (/home/frappe/frappe-bench/apps/verenigingen/node_modules/jest-circus/build/run.js:316:40)
    at _runTest (/home/frappe/frappe-bench/apps/verenigingen/node_modules/jest-circus/build/run.js:252:3)
    at _runTestsForDescribeBlock (/home/frappe/frappe-bench/apps/verenigingen/node_modules/jest-circus/build/run.js:126:9)
    at _runTestsForDescribeBlock (/home/frappe/frappe-bench/apps/verenigingen/node_modules/jest-circus/build/run.js:121:9)
    at _runTestsForDescribeBlock (/home/frappe/frappe-bench/apps/verenigingen/node_modules/jest-circus/build/run.js:121:9)
    at _runTestsForDescribeBlock (/home/frappe/frappe-bench/apps/verenigingen/node_modules/jest-circus/build/run.js:121:9)
    at run (/home/frappe/frappe-bench/apps/verenigingen/node_modules/jest-circus/build/run.js:71:3)
    at runAndTransformResultsToJestFormat (/home/frappe/frappe-bench/apps/verenigingen/node_modules/jest-circus/build/legacy-code-todo-rewrite/jestAdapterInit.js:122:21)
    at jestAdapter (/home/frappe/frappe-bench/apps/verenigingen/node_modules/jest-circus/build/legacy-code-todo-rewrite/jestAdapter.js:79:19)
    at runTestInternal (/home/frappe/frappe-bench/apps/verenigingen/node_modules/jest-runner/build/runTest.js:367:16)
    at runTest (/home/frappe/frappe-bench/apps/verenigingen/node_modules/jest-runner/build/runTest.js:444:34)</failure>
    </testcase>
    <testcase classname="Real Chapter Controller Board Member Management Board Members Add Handler should execute board_members_add handler without errors" name="Real Chapter Controller Board Member Management Board Members Add Handler should execute board_members_add handler without errors" time="0.016">
      <failure>Error: expect(received).not.toThrow()

Error name:    &quot;Error&quot;
Error message: &quot;No handler found for Chapter.board_members_add&quot;

      303 |
      304 |     if (!doctypeHandlers[event]) {
    &gt; 305 |         throw new Error(`No handler found for ${doctype}.${event}`);
          |               ^
      306 |     }
      307 |
      308 |     // Execute the handler with the mock form

      at testFormEvent (verenigingen/tests/setup/controller-loader.js:305:15)
      at testFormEvent (verenigingen/tests/unit/doctype/test_chapter_controller.test.js:403:21)
      at Object.&lt;anonymous&gt; (node_modules/expect/build/toThrowMatchers.js:74:11)
      at Object.throwingMatcher [as toThrow] (node_modules/expect/build/index.js:320:21)
      at Object.toThrow (verenigingen/tests/unit/doctype/test_chapter_controller.test.js:404:24)
    at Object.toThrow (/home/frappe/frappe-bench/apps/verenigingen/verenigingen/tests/unit/doctype/test_chapter_controller.test.js:404:24)
    at Promise.then.completed (/home/frappe/frappe-bench/apps/verenigingen/node_modules/jest-circus/build/utils.js:298:28)
    at new Promise (&lt;anonymous&gt;)
    at callAsyncCircusFn (/home/frappe/frappe-bench/apps/verenigingen/node_modules/jest-circus/build/utils.js:231:10)
    at _callCircusTest (/home/frappe/frappe-bench/apps/verenigingen/node_modules/jest-circus/build/run.js:316:40)
    at _runTest (/home/frappe/frappe-bench/apps/verenigingen/node_modules/jest-circus/build/run.js:252:3)
    at _runTestsForDescribeBlock (/home/frappe/frappe-bench/apps/verenigingen/node_modules/jest-circus/build/run.js:126:9)
    at _runTestsForDescribeBlock (/home/frappe/frappe-bench/apps/verenigingen/node_modules/jest-circus/build/run.js:121:9)
    at _runTestsForDescribeBlock (/home/frappe/frappe-bench/apps/verenigingen/node_modules/jest-circus/build/run.js:121:9)
    at _runTestsForDescribeBlock (/home/frappe/frappe-bench/apps/verenigingen/node_modules/jest-circus/build/run.js:121:9)
    at run (/home/frappe/frappe-bench/apps/verenigingen/node_modules/jest-circus/build/run.js:71:3)
    at runAndTransformResultsToJestFormat (/home/frappe/frappe-bench/apps/verenigingen/node_modules/jest-circus/build/legacy-code-todo-rewrite/jestAdapterInit.js:122:21)
    at jestAdapter (/home/frappe/frappe-bench/apps/verenigingen/node_modules/jest-circus/build/legacy-code-todo-rewrite/jestAdapter.js:79:19)
    at runTestInternal (/home/frappe/frappe-bench/apps/verenigingen/node_modules/jest-runner/build/runTest.js:367:16)
    at runTest (/home/frappe/frappe-bench/apps/verenigingen/node_modules/jest-runner/build/runTest.js:444:34)</failure>
    </testcase>
    <testcase classname="Real Chapter Controller Board Member Management Board Members Add Handler should validate added board member eligibility" name="Real Chapter Controller Board Member Management Board Members Add Handler should validate added board member eligibility" time="0.001">
      <failure>Error: No handler found for Chapter.board_members_add
    at testFormEvent (/home/frappe/frappe-bench/apps/verenigingen/verenigingen/tests/setup/controller-loader.js:305:15)
    at Object.testFormEvent (/home/frappe/frappe-bench/apps/verenigingen/verenigingen/tests/unit/doctype/test_chapter_controller.test.js:411:17)
    at Promise.then.completed (/home/frappe/frappe-bench/apps/verenigingen/node_modules/jest-circus/build/utils.js:298:28)
    at new Promise (&lt;anonymous&gt;)
    at callAsyncCircusFn (/home/frappe/frappe-bench/apps/verenigingen/node_modules/jest-circus/build/utils.js:231:10)
    at _callCircusTest (/home/frappe/frappe-bench/apps/verenigingen/node_modules/jest-circus/build/run.js:316:40)
    at _runTest (/home/frappe/frappe-bench/apps/verenigingen/node_modules/jest-circus/build/run.js:252:3)
    at _runTestsForDescribeBlock (/home/frappe/frappe-bench/apps/verenigingen/node_modules/jest-circus/build/run.js:126:9)
    at _runTestsForDescribeBlock (/home/frappe/frappe-bench/apps/verenigingen/node_modules/jest-circus/build/run.js:121:9)
    at _runTestsForDescribeBlock (/home/frappe/frappe-bench/apps/verenigingen/node_modules/jest-circus/build/run.js:121:9)
    at _runTestsForDescribeBlock (/home/frappe/frappe-bench/apps/verenigingen/node_modules/jest-circus/build/run.js:121:9)
    at run (/home/frappe/frappe-bench/apps/verenigingen/node_modules/jest-circus/build/run.js:71:3)
    at runAndTransformResultsToJestFormat (/home/frappe/frappe-bench/apps/verenigingen/node_modules/jest-circus/build/legacy-code-todo-rewrite/jestAdapterInit.js:122:21)
    at jestAdapter (/home/frappe/frappe-bench/apps/verenigingen/node_modules/jest-circus/build/legacy-code-todo-rewrite/jestAdapter.js:79:19)
    at runTestInternal (/home/frappe/frappe-bench/apps/verenigingen/node_modules/jest-runner/build/runTest.js:367:16)
    at runTest (/home/frappe/frappe-bench/apps/verenigingen/node_modules/jest-runner/build/runTest.js:444:34)</failure>
    </testcase>
    <testcase classname="Real Chapter Controller Board Member Management Board Members Remove Handler should execute board_members_remove handler without errors" name="Real Chapter Controller Board Member Management Board Members Remove Handler should execute board_members_remove handler without errors" time="0.002">
      <failure>Error: expect(received).not.toThrow()

Error name:    &quot;Error&quot;
Error message: &quot;No handler found for Chapter.board_members_remove&quot;

      303 |
      304 |     if (!doctypeHandlers[event]) {
    &gt; 305 |         throw new Error(`No handler found for ${doctype}.${event}`);
          |               ^
      306 |     }
      307 |
      308 |     // Execute the handler with the mock form

      at testFormEvent (verenigingen/tests/setup/controller-loader.js:305:15)
      at testFormEvent (verenigingen/tests/unit/doctype/test_chapter_controller.test.js:427:21)
      at Object.&lt;anonymous&gt; (node_modules/expect/build/toThrowMatchers.js:74:11)
      at Object.throwingMatcher [as toThrow] (node_modules/expect/build/index.js:320:21)
      at Object.toThrow (verenigingen/tests/unit/doctype/test_chapter_controller.test.js:428:24)
    at Object.toThrow (/home/frappe/frappe-bench/apps/verenigingen/verenigingen/tests/unit/doctype/test_chapter_controller.test.js:428:24)
    at Promise.then.completed (/home/frappe/frappe-bench/apps/verenigingen/node_modules/jest-circus/build/utils.js:298:28)
    at new Promise (&lt;anonymous&gt;)
    at callAsyncCircusFn (/home/frappe/frappe-bench/apps/verenigingen/node_modules/jest-circus/build/utils.js:231:10)
    at _callCircusTest (/home/frappe/frappe-bench/apps/verenigingen/node_modules/jest-circus/build/run.js:316:40)
    at _runTest (/home/frappe/frappe-bench/apps/verenigingen/node_modules/jest-circus/build/run.js:252:3)
    at _runTestsForDescribeBlock (/home/frappe/frappe-bench/apps/verenigingen/node_modules/jest-circus/build/run.js:126:9)
    at _runTestsForDescribeBlock (/home/frappe/frappe-bench/apps/verenigingen/node_modules/jest-circus/build/run.js:121:9)
    at _runTestsForDescribeBlock (/home/frappe/frappe-bench/apps/verenigingen/node_modules/jest-circus/build/run.js:121:9)
    at _runTestsForDescribeBlock (/home/frappe/frappe-bench/apps/verenigingen/node_modules/jest-circus/build/run.js:121:9)
    at run (/home/frappe/frappe-bench/apps/verenigingen/node_modules/jest-circus/build/run.js:71:3)
    at runAndTransformResultsToJestFormat (/home/frappe/frappe-bench/apps/verenigingen/node_modules/jest-circus/build/legacy-code-todo-rewrite/jestAdapterInit.js:122:21)
    at jestAdapter (/home/frappe/frappe-bench/apps/verenigingen/node_modules/jest-circus/build/legacy-code-todo-rewrite/jestAdapter.js:79:19)
    at runTestInternal (/home/frappe/frappe-bench/apps/verenigingen/node_modules/jest-runner/build/runTest.js:367:16)
    at runTest (/home/frappe/frappe-bench/apps/verenigingen/node_modules/jest-runner/build/runTest.js:444:34)</failure>
    </testcase>
    <testcase classname="Real Chapter Controller Board Member Management Board Members Remove Handler should handle board member removal validation" name="Real Chapter Controller Board Member Management Board Members Remove Handler should handle board member removal validation" time="0">
      <failure>Error: No handler found for Chapter.board_members_remove
    at testFormEvent (/home/frappe/frappe-bench/apps/verenigingen/verenigingen/tests/setup/controller-loader.js:305:15)
    at Object.testFormEvent (/home/frappe/frappe-bench/apps/verenigingen/verenigingen/tests/unit/doctype/test_chapter_controller.test.js:435:17)
    at Promise.then.completed (/home/frappe/frappe-bench/apps/verenigingen/node_modules/jest-circus/build/utils.js:298:28)
    at new Promise (&lt;anonymous&gt;)
    at callAsyncCircusFn (/home/frappe/frappe-bench/apps/verenigingen/node_modules/jest-circus/build/utils.js:231:10)
    at _callCircusTest (/home/frappe/frappe-bench/apps/verenigingen/node_modules/jest-circus/build/run.js:316:40)
    at _runTest (/home/frappe/frappe-bench/apps/verenigingen/node_modules/jest-circus/build/run.js:252:3)
    at _runTestsForDescribeBlock (/home/frappe/frappe-bench/apps/verenigingen/node_modules/jest-circus/build/run.js:126:9)
    at _runTestsForDescribeBlock (/home/frappe/frappe-bench/apps/verenigingen/node_modules/jest-circus/build/run.js:121:9)
    at _runTestsForDescribeBlock (/home/frappe/frappe-bench/apps/verenigingen/node_modules/jest-circus/build/run.js:121:9)
    at _runTestsForDescribeBlock (/home/frappe/frappe-bench/apps/verenigingen/node_modules/jest-circus/build/run.js:121:9)
    at run (/home/frappe/frappe-bench/apps/verenigingen/node_modules/jest-circus/build/run.js:71:3)
    at runAndTransformResultsToJestFormat (/home/frappe/frappe-bench/apps/verenigingen/node_modules/jest-circus/build/legacy-code-todo-rewrite/jestAdapterInit.js:122:21)
    at jestAdapter (/home/frappe/frappe-bench/apps/verenigingen/node_modules/jest-circus/build/legacy-code-todo-rewrite/jestAdapter.js:79:19)
    at runTestInternal (/home/frappe/frappe-bench/apps/verenigingen/node_modules/jest-runner/build/runTest.js:367:16)
    at runTest (/home/frappe/frappe-bench/apps/verenigingen/node_modules/jest-runner/build/runTest.js:444:34)</failure>
    </testcase>
    <testcase classname="Real Chapter Controller Board Member Management Board Member Field Handlers should handle volunteer field changes" name="Real Chapter Controller Board Member Management Board Member Field Handlers should handle volunteer field changes" time="0.001">
      <failure>Error: expect(received).not.toThrow()

Error name:    &quot;Error&quot;
Error message: &quot;No handler found for Chapter.volunteer&quot;

      303 |
      304 |     if (!doctypeHandlers[event]) {
    &gt; 305 |         throw new Error(`No handler found for ${doctype}.${event}`);
          |               ^
      306 |     }
      307 |
      308 |     // Execute the handler with the mock form

      at testFormEvent (verenigingen/tests/setup/controller-loader.js:305:15)
      at testFormEvent (verenigingen/tests/unit/doctype/test_chapter_controller.test.js:451:21)
      at Object.&lt;anonymous&gt; (node_modules/expect/build/toThrowMatchers.js:74:11)
      at Object.throwingMatcher [as toThrow] (node_modules/expect/build/index.js:320:21)
      at Object.toThrow (verenigingen/tests/unit/doctype/test_chapter_controller.test.js:452:24)
    at Object.toThrow (/home/frappe/frappe-bench/apps/verenigingen/verenigingen/tests/unit/doctype/test_chapter_controller.test.js:452:24)
    at Promise.then.completed (/home/frappe/frappe-bench/apps/verenigingen/node_modules/jest-circus/build/utils.js:298:28)
    at new Promise (&lt;anonymous&gt;)
    at callAsyncCircusFn (/home/frappe/frappe-bench/apps/verenigingen/node_modules/jest-circus/build/utils.js:231:10)
    at _callCircusTest (/home/frappe/frappe-bench/apps/verenigingen/node_modules/jest-circus/build/run.js:316:40)
    at _runTest (/home/frappe/frappe-bench/apps/verenigingen/node_modules/jest-circus/build/run.js:252:3)
    at _runTestsForDescribeBlock (/home/frappe/frappe-bench/apps/verenigingen/node_modules/jest-circus/build/run.js:126:9)
    at _runTestsForDescribeBlock (/home/frappe/frappe-bench/apps/verenigingen/node_modules/jest-circus/build/run.js:121:9)
    at _runTestsForDescribeBlock (/home/frappe/frappe-bench/apps/verenigingen/node_modules/jest-circus/build/run.js:121:9)
    at _runTestsForDescribeBlock (/home/frappe/frappe-bench/apps/verenigingen/node_modules/jest-circus/build/run.js:121:9)
    at run (/home/frappe/frappe-bench/apps/verenigingen/node_modules/jest-circus/build/run.js:71:3)
    at runAndTransformResultsToJestFormat (/home/frappe/frappe-bench/apps/verenigingen/node_modules/jest-circus/build/legacy-code-todo-rewrite/jestAdapterInit.js:122:21)
    at jestAdapter (/home/frappe/frappe-bench/apps/verenigingen/node_modules/jest-circus/build/legacy-code-todo-rewrite/jestAdapter.js:79:19)
    at runTestInternal (/home/frappe/frappe-bench/apps/verenigingen/node_modules/jest-runner/build/runTest.js:367:16)
    at runTest (/home/frappe/frappe-bench/apps/verenigingen/node_modules/jest-runner/build/runTest.js:444:34)</failure>
    </testcase>
    <testcase classname="Real Chapter Controller Board Member Management Board Member Field Handlers should handle chapter_role field changes" name="Real Chapter Controller Board Member Management Board Member Field Handlers should handle chapter_role field changes" time="0.001">
      <failure>Error: expect(received).not.toThrow()

Error name:    &quot;Error&quot;
Error message: &quot;No handler found for Chapter.chapter_role&quot;

      303 |
      304 |     if (!doctypeHandlers[event]) {
    &gt; 305 |         throw new Error(`No handler found for ${doctype}.${event}`);
          |               ^
      306 |     }
      307 |
      308 |     // Execute the handler with the mock form

      at testFormEvent (verenigingen/tests/setup/controller-loader.js:305:15)
      at testFormEvent (verenigingen/tests/unit/doctype/test_chapter_controller.test.js:460:21)
      at Object.&lt;anonymous&gt; (node_modules/expect/build/toThrowMatchers.js:74:11)
      at Object.throwingMatcher [as toThrow] (node_modules/expect/build/index.js:320:21)
      at Object.toThrow (verenigingen/tests/unit/doctype/test_chapter_controller.test.js:461:24)
    at Object.toThrow (/home/frappe/frappe-bench/apps/verenigingen/verenigingen/tests/unit/doctype/test_chapter_controller.test.js:461:24)
    at Promise.then.completed (/home/frappe/frappe-bench/apps/verenigingen/node_modules/jest-circus/build/utils.js:298:28)
    at new Promise (&lt;anonymous&gt;)
    at callAsyncCircusFn (/home/frappe/frappe-bench/apps/verenigingen/node_modules/jest-circus/build/utils.js:231:10)
    at _callCircusTest (/home/frappe/frappe-bench/apps/verenigingen/node_modules/jest-circus/build/run.js:316:40)
    at _runTest (/home/frappe/frappe-bench/apps/verenigingen/node_modules/jest-circus/build/run.js:252:3)
    at _runTestsForDescribeBlock (/home/frappe/frappe-bench/apps/verenigingen/node_modules/jest-circus/build/run.js:126:9)
    at _runTestsForDescribeBlock (/home/frappe/frappe-bench/apps/verenigingen/node_modules/jest-circus/build/run.js:121:9)
    at _runTestsForDescribeBlock (/home/frappe/frappe-bench/apps/verenigingen/node_modules/jest-circus/build/run.js:121:9)
    at _runTestsForDescribeBlock (/home/frappe/frappe-bench/apps/verenigingen/node_modules/jest-circus/build/run.js:121:9)
    at run (/home/frappe/frappe-bench/apps/verenigingen/node_modules/jest-circus/build/run.js:71:3)
    at runAndTransformResultsToJestFormat (/home/frappe/frappe-bench/apps/verenigingen/node_modules/jest-circus/build/legacy-code-todo-rewrite/jestAdapterInit.js:122:21)
    at jestAdapter (/home/frappe/frappe-bench/apps/verenigingen/node_modules/jest-circus/build/legacy-code-todo-rewrite/jestAdapter.js:79:19)
    at runTestInternal (/home/frappe/frappe-bench/apps/verenigingen/node_modules/jest-runner/build/runTest.js:367:16)
    at runTest (/home/frappe/frappe-bench/apps/verenigingen/node_modules/jest-runner/build/runTest.js:444:34)</failure>
    </testcase>
    <testcase classname="Real Chapter Controller Board Member Management Board Member Field Handlers should handle from_date field changes" name="Real Chapter Controller Board Member Management Board Member Field Handlers should handle from_date field changes" time="0.001">
      <failure>Error: expect(received).not.toThrow()

Error name:    &quot;Error&quot;
Error message: &quot;No handler found for Chapter.from_date&quot;

      303 |
      304 |     if (!doctypeHandlers[event]) {
    &gt; 305 |         throw new Error(`No handler found for ${doctype}.${event}`);
          |               ^
      306 |     }
      307 |
      308 |     // Execute the handler with the mock form

      at testFormEvent (verenigingen/tests/setup/controller-loader.js:305:15)
      at testFormEvent (verenigingen/tests/unit/doctype/test_chapter_controller.test.js:469:21)
      at Object.&lt;anonymous&gt; (node_modules/expect/build/toThrowMatchers.js:74:11)
      at Object.throwingMatcher [as toThrow] (node_modules/expect/build/index.js:320:21)
      at Object.toThrow (verenigingen/tests/unit/doctype/test_chapter_controller.test.js:470:24)
    at Object.toThrow (/home/frappe/frappe-bench/apps/verenigingen/verenigingen/tests/unit/doctype/test_chapter_controller.test.js:470:24)
    at Promise.then.completed (/home/frappe/frappe-bench/apps/verenigingen/node_modules/jest-circus/build/utils.js:298:28)
    at new Promise (&lt;anonymous&gt;)
    at callAsyncCircusFn (/home/frappe/frappe-bench/apps/verenigingen/node_modules/jest-circus/build/utils.js:231:10)
    at _callCircusTest (/home/frappe/frappe-bench/apps/verenigingen/node_modules/jest-circus/build/run.js:316:40)
    at _runTest (/home/frappe/frappe-bench/apps/verenigingen/node_modules/jest-circus/build/run.js:252:3)
    at _runTestsForDescribeBlock (/home/frappe/frappe-bench/apps/verenigingen/node_modules/jest-circus/build/run.js:126:9)
    at _runTestsForDescribeBlock (/home/frappe/frappe-bench/apps/verenigingen/node_modules/jest-circus/build/run.js:121:9)
    at _runTestsForDescribeBlock (/home/frappe/frappe-bench/apps/verenigingen/node_modules/jest-circus/build/run.js:121:9)
    at _runTestsForDescribeBlock (/home/frappe/frappe-bench/apps/verenigingen/node_modules/jest-circus/build/run.js:121:9)
    at run (/home/frappe/frappe-bench/apps/verenigingen/node_modules/jest-circus/build/run.js:71:3)
    at runAndTransformResultsToJestFormat (/home/frappe/frappe-bench/apps/verenigingen/node_modules/jest-circus/build/legacy-code-todo-rewrite/jestAdapterInit.js:122:21)
    at jestAdapter (/home/frappe/frappe-bench/apps/verenigingen/node_modules/jest-circus/build/legacy-code-todo-rewrite/jestAdapter.js:79:19)
    at runTestInternal (/home/frappe/frappe-bench/apps/verenigingen/node_modules/jest-runner/build/runTest.js:367:16)
    at runTest (/home/frappe/frappe-bench/apps/verenigingen/node_modules/jest-runner/build/runTest.js:444:34)</failure>
    </testcase>
    <testcase classname="Real Chapter Controller Board Member Management Board Member Field Handlers should handle to_date field changes" name="Real Chapter Controller Board Member Management Board Member Field Handlers should handle to_date field changes" time="0.005">
      <failure>Error: expect(received).not.toThrow()

Error name:    &quot;Error&quot;
Error message: &quot;No handler found for Chapter.to_date&quot;

      303 |
      304 |     if (!doctypeHandlers[event]) {
    &gt; 305 |         throw new Error(`No handler found for ${doctype}.${event}`);
          |               ^
      306 |     }
      307 |
      308 |     // Execute the handler with the mock form

      at testFormEvent (verenigingen/tests/setup/controller-loader.js:305:15)
      at testFormEvent (verenigingen/tests/unit/doctype/test_chapter_controller.test.js:478:21)
      at Object.&lt;anonymous&gt; (node_modules/expect/build/toThrowMatchers.js:74:11)
      at Object.throwingMatcher [as toThrow] (node_modules/expect/build/index.js:320:21)
      at Object.toThrow (verenigingen/tests/unit/doctype/test_chapter_controller.test.js:479:24)
    at Object.toThrow (/home/frappe/frappe-bench/apps/verenigingen/verenigingen/tests/unit/doctype/test_chapter_controller.test.js:479:24)
    at Promise.then.completed (/home/frappe/frappe-bench/apps/verenigingen/node_modules/jest-circus/build/utils.js:298:28)
    at new Promise (&lt;anonymous&gt;)
    at callAsyncCircusFn (/home/frappe/frappe-bench/apps/verenigingen/node_modules/jest-circus/build/utils.js:231:10)
    at _callCircusTest (/home/frappe/frappe-bench/apps/verenigingen/node_modules/jest-circus/build/run.js:316:40)
    at _runTest (/home/frappe/frappe-bench/apps/verenigingen/node_modules/jest-circus/build/run.js:252:3)
    at _runTestsForDescribeBlock (/home/frappe/frappe-bench/apps/verenigingen/node_modules/jest-circus/build/run.js:126:9)
    at _runTestsForDescribeBlock (/home/frappe/frappe-bench/apps/verenigingen/node_modules/jest-circus/build/run.js:121:9)
    at _runTestsForDescribeBlock (/home/frappe/frappe-bench/apps/verenigingen/node_modules/jest-circus/build/run.js:121:9)
    at _runTestsForDescribeBlock (/home/frappe/frappe-bench/apps/verenigingen/node_modules/jest-circus/build/run.js:121:9)
    at run (/home/frappe/frappe-bench/apps/verenigingen/node_modules/jest-circus/build/run.js:71:3)
    at runAndTransformResultsToJestFormat (/home/frappe/frappe-bench/apps/verenigingen/node_modules/jest-circus/build/legacy-code-todo-rewrite/jestAdapterInit.js:122:21)
    at jestAdapter (/home/frappe/frappe-bench/apps/verenigingen/node_modules/jest-circus/build/legacy-code-todo-rewrite/jestAdapter.js:79:19)
    at runTestInternal (/home/frappe/frappe-bench/apps/verenigingen/node_modules/jest-runner/build/runTest.js:367:16)
    at runTest (/home/frappe/frappe-bench/apps/verenigingen/node_modules/jest-runner/build/runTest.js:444:34)</failure>
    </testcase>
    <testcase classname="Real Chapter Controller Dutch Geographical Organization should validate Dutch postal code ranges" name="Real Chapter Controller Dutch Geographical Organization should validate Dutch postal code ranges" time="0.002">
      <failure>Error: expect(received).toBe(expected) // Object.is equality

Expected: true
Received: false
    at toBe (/home/frappe/frappe-bench/apps/verenigingen/verenigingen/tests/unit/doctype/test_chapter_controller.test.js:507:62)
    at Array.forEach (&lt;anonymous&gt;)
    at Object.forEach (/home/frappe/frappe-bench/apps/verenigingen/verenigingen/tests/unit/doctype/test_chapter_controller.test.js:498:30)
    at Promise.then.completed (/home/frappe/frappe-bench/apps/verenigingen/node_modules/jest-circus/build/utils.js:298:28)
    at new Promise (&lt;anonymous&gt;)
    at callAsyncCircusFn (/home/frappe/frappe-bench/apps/verenigingen/node_modules/jest-circus/build/utils.js:231:10)
    at _callCircusTest (/home/frappe/frappe-bench/apps/verenigingen/node_modules/jest-circus/build/run.js:316:40)
    at _runTest (/home/frappe/frappe-bench/apps/verenigingen/node_modules/jest-circus/build/run.js:252:3)
    at _runTestsForDescribeBlock (/home/frappe/frappe-bench/apps/verenigingen/node_modules/jest-circus/build/run.js:126:9)
    at _runTestsForDescribeBlock (/home/frappe/frappe-bench/apps/verenigingen/node_modules/jest-circus/build/run.js:121:9)
    at _runTestsForDescribeBlock (/home/frappe/frappe-bench/apps/verenigingen/node_modules/jest-circus/build/run.js:121:9)
    at run (/home/frappe/frappe-bench/apps/verenigingen/node_modules/jest-circus/build/run.js:71:3)
    at runAndTransformResultsToJestFormat (/home/frappe/frappe-bench/apps/verenigingen/node_modules/jest-circus/build/legacy-code-todo-rewrite/jestAdapterInit.js:122:21)
    at jestAdapter (/home/frappe/frappe-bench/apps/verenigingen/node_modules/jest-circus/build/legacy-code-todo-rewrite/jestAdapter.js:79:19)
    at runTestInternal (/home/frappe/frappe-bench/apps/verenigingen/node_modules/jest-runner/build/runTest.js:367:16)
    at runTest (/home/frappe/frappe-bench/apps/verenigingen/node_modules/jest-runner/build/runTest.js:444:34)</failure>
    </testcase>
    <testcase classname="Real Chapter Controller Dutch Geographical Organization should handle multiple postal code ranges" name="Real Chapter Controller Dutch Geographical Organization should handle multiple postal code ranges" time="0.001">
      <failure>Error: expect(received).toHaveBeenCalledWith(...expected)

Matcher error: received value must be a mock or spy function

Received has value: undefined
    at Object.toHaveBeenCalledWith (/home/frappe/frappe-bench/apps/verenigingen/verenigingen/tests/unit/doctype/test_chapter_controller.test.js:519:57)
    at Promise.then.completed (/home/frappe/frappe-bench/apps/verenigingen/node_modules/jest-circus/build/utils.js:298:28)
    at new Promise (&lt;anonymous&gt;)
    at callAsyncCircusFn (/home/frappe/frappe-bench/apps/verenigingen/node_modules/jest-circus/build/utils.js:231:10)
    at _callCircusTest (/home/frappe/frappe-bench/apps/verenigingen/node_modules/jest-circus/build/run.js:316:40)
    at _runTest (/home/frappe/frappe-bench/apps/verenigingen/node_modules/jest-circus/build/run.js:252:3)
    at _runTestsForDescribeBlock (/home/frappe/frappe-bench/apps/verenigingen/node_modules/jest-circus/build/run.js:126:9)
    at _runTestsForDescribeBlock (/home/frappe/frappe-bench/apps/verenigingen/node_modules/jest-circus/build/run.js:121:9)
    at _runTestsForDescribeBlock (/home/frappe/frappe-bench/apps/verenigingen/node_modules/jest-circus/build/run.js:121:9)
    at run (/home/frappe/frappe-bench/apps/verenigingen/node_modules/jest-circus/build/run.js:71:3)
    at runAndTransformResultsToJestFormat (/home/frappe/frappe-bench/apps/verenigingen/node_modules/jest-circus/build/legacy-code-todo-rewrite/jestAdapterInit.js:122:21)
    at jestAdapter (/home/frappe/frappe-bench/apps/verenigingen/node_modules/jest-circus/build/legacy-code-todo-rewrite/jestAdapter.js:79:19)
    at runTestInternal (/home/frappe/frappe-bench/apps/verenigingen/node_modules/jest-runner/build/runTest.js:367:16)
    at runTest (/home/frappe/frappe-bench/apps/verenigingen/node_modules/jest-runner/build/runTest.js:444:34)</failure>
    </testcase>
    <testcase classname="Real Chapter Controller Dutch Geographical Organization should validate postal code wildcards" name="Real Chapter Controller Dutch Geographical Organization should validate postal code wildcards" time="0.001">
    </testcase>
    <testcase classname="Real Chapter Controller Regional Organization should handle Dutch provinces correctly" name="Real Chapter Controller Regional Organization should handle Dutch provinces correctly" time="0.001">
    </testcase>
    <testcase classname="Real Chapter Controller Regional Organization should validate regional coverage" name="Real Chapter Controller Regional Organization should validate regional coverage" time="0.001">
      <failure>Error: expect(jest.fn()).toHaveBeenCalledWith(...expected)

Expected: ObjectContaining {&quot;method&quot;: StringContaining &quot;validate_region&quot;}
Received: {&quot;args&quot;: {&quot;doctype&quot;: &quot;Chapter&quot;, &quot;fields&quot;: [&quot;postal_codes&quot;], &quot;filters&quot;: {&quot;name&quot;: [&quot;!=&quot;, &quot;Amsterdam&quot;], &quot;region&quot;: &quot;Noord-Holland&quot;}, &quot;limit_page_length&quot;: 5}, &quot;callback&quot;: [Function callback], &quot;error&quot;: [Function error], &quot;method&quot;: &quot;frappe.client.get_list&quot;}

Number of calls: 1
    at Object.toHaveBeenCalledWith (/home/frappe/frappe-bench/apps/verenigingen/verenigingen/tests/unit/doctype/test_chapter_controller.test.js:572:40)
    at Promise.then.completed (/home/frappe/frappe-bench/apps/verenigingen/node_modules/jest-circus/build/utils.js:298:28)
    at new Promise (&lt;anonymous&gt;)
    at callAsyncCircusFn (/home/frappe/frappe-bench/apps/verenigingen/node_modules/jest-circus/build/utils.js:231:10)
    at _callCircusTest (/home/frappe/frappe-bench/apps/verenigingen/node_modules/jest-circus/build/run.js:316:40)
    at _runTest (/home/frappe/frappe-bench/apps/verenigingen/node_modules/jest-circus/build/run.js:252:3)
    at _runTestsForDescribeBlock (/home/frappe/frappe-bench/apps/verenigingen/node_modules/jest-circus/build/run.js:126:9)
    at _runTestsForDescribeBlock (/home/frappe/frappe-bench/apps/verenigingen/node_modules/jest-circus/build/run.js:121:9)
    at _runTestsForDescribeBlock (/home/frappe/frappe-bench/apps/verenigingen/node_modules/jest-circus/build/run.js:121:9)
    at run (/home/frappe/frappe-bench/apps/verenigingen/node_modules/jest-circus/build/run.js:71:3)
    at runAndTransformResultsToJestFormat (/home/frappe/frappe-bench/apps/verenigingen/node_modules/jest-circus/build/legacy-code-todo-rewrite/jestAdapterInit.js:122:21)
    at jestAdapter (/home/frappe/frappe-bench/apps/verenigingen/node_modules/jest-circus/build/legacy-code-todo-rewrite/jestAdapter.js:79:19)
    at runTestInternal (/home/frappe/frappe-bench/apps/verenigingen/node_modules/jest-runner/build/runTest.js:367:16)
    at runTest (/home/frappe/frappe-bench/apps/verenigingen/node_modules/jest-runner/build/runTest.js:444:34)</failure>
    </testcase>
    <testcase classname="Real Chapter Controller Chapter Status Management should handle status transitions" name="Real Chapter Controller Chapter Status Management should handle status transitions" time="0.001">
      <failure>TypeError: frm.fields_dict.board_members.grid.get_field is not a function
    at setup_board_grid (/home/frappe/frappe-bench/apps/verenigingen/verenigingen/verenigingen/doctype/chapter/chapter.js:404:38)
    at Object.refresh (/home/frappe/frappe-bench/apps/verenigingen/verenigingen/verenigingen/doctype/chapter/chapter.js:93:3)
    at testFormEvent (/home/frappe/frappe-bench/apps/verenigingen/verenigingen/tests/setup/controller-loader.js:309:34)
    at testFormEvent (/home/frappe/frappe-bench/apps/verenigingen/verenigingen/tests/unit/doctype/test_chapter_controller.test.js:591:17)
    at Array.forEach (&lt;anonymous&gt;)
    at Object.forEach (/home/frappe/frappe-bench/apps/verenigingen/verenigingen/tests/unit/doctype/test_chapter_controller.test.js:588:31)
    at Promise.then.completed (/home/frappe/frappe-bench/apps/verenigingen/node_modules/jest-circus/build/utils.js:298:28)
    at new Promise (&lt;anonymous&gt;)
    at callAsyncCircusFn (/home/frappe/frappe-bench/apps/verenigingen/node_modules/jest-circus/build/utils.js:231:10)
    at _callCircusTest (/home/frappe/frappe-bench/apps/verenigingen/node_modules/jest-circus/build/run.js:316:40)</failure>
    </testcase>
    <testcase classname="Real Chapter Controller Chapter Status Management should validate dissolved status requirements" name="Real Chapter Controller Chapter Status Management should validate dissolved status requirements" time="0.001">
      <failure>Error: expect(received).toHaveBeenCalledWith(...expected)

Matcher error: received value must be a mock or spy function

Received has value: undefined
    at Object.toHaveBeenCalledWith (/home/frappe/frappe-bench/apps/verenigingen/verenigingen/tests/unit/doctype/test_chapter_controller.test.js:606:57)
    at Promise.then.completed (/home/frappe/frappe-bench/apps/verenigingen/node_modules/jest-circus/build/utils.js:298:28)
    at new Promise (&lt;anonymous&gt;)
    at callAsyncCircusFn (/home/frappe/frappe-bench/apps/verenigingen/node_modules/jest-circus/build/utils.js:231:10)
    at _callCircusTest (/home/frappe/frappe-bench/apps/verenigingen/node_modules/jest-circus/build/run.js:316:40)
    at _runTest (/home/frappe/frappe-bench/apps/verenigingen/node_modules/jest-circus/build/run.js:252:3)
    at _runTestsForDescribeBlock (/home/frappe/frappe-bench/apps/verenigingen/node_modules/jest-circus/build/run.js:126:9)
    at _runTestsForDescribeBlock (/home/frappe/frappe-bench/apps/verenigingen/node_modules/jest-circus/build/run.js:121:9)
    at _runTestsForDescribeBlock (/home/frappe/frappe-bench/apps/verenigingen/node_modules/jest-circus/build/run.js:121:9)
    at run (/home/frappe/frappe-bench/apps/verenigingen/node_modules/jest-circus/build/run.js:71:3)
    at runAndTransformResultsToJestFormat (/home/frappe/frappe-bench/apps/verenigingen/node_modules/jest-circus/build/legacy-code-todo-rewrite/jestAdapterInit.js:122:21)
    at jestAdapter (/home/frappe/frappe-bench/apps/verenigingen/node_modules/jest-circus/build/legacy-code-todo-rewrite/jestAdapter.js:79:19)
    at runTestInternal (/home/frappe/frappe-bench/apps/verenigingen/node_modules/jest-runner/build/runTest.js:367:16)
    at runTest (/home/frappe/frappe-bench/apps/verenigingen/node_modules/jest-runner/build/runTest.js:444:34)</failure>
    </testcase>
    <testcase classname="Real Chapter Controller Board Management Validation should enforce minimum board requirements" name="Real Chapter Controller Board Management Validation should enforce minimum board requirements" time="0.001">
      <failure>Error: expect(received).toHaveBeenCalledWith(...expected)

Matcher error: received value must be a mock or spy function

Received has value: undefined
    at Object.toHaveBeenCalledWith (/home/frappe/frappe-bench/apps/verenigingen/verenigingen/tests/unit/doctype/test_chapter_controller.test.js:617:57)
    at Promise.then.completed (/home/frappe/frappe-bench/apps/verenigingen/node_modules/jest-circus/build/utils.js:298:28)
    at new Promise (&lt;anonymous&gt;)
    at callAsyncCircusFn (/home/frappe/frappe-bench/apps/verenigingen/node_modules/jest-circus/build/utils.js:231:10)
    at _callCircusTest (/home/frappe/frappe-bench/apps/verenigingen/node_modules/jest-circus/build/run.js:316:40)
    at _runTest (/home/frappe/frappe-bench/apps/verenigingen/node_modules/jest-circus/build/run.js:252:3)
    at _runTestsForDescribeBlock (/home/frappe/frappe-bench/apps/verenigingen/node_modules/jest-circus/build/run.js:126:9)
    at _runTestsForDescribeBlock (/home/frappe/frappe-bench/apps/verenigingen/node_modules/jest-circus/build/run.js:121:9)
    at _runTestsForDescribeBlock (/home/frappe/frappe-bench/apps/verenigingen/node_modules/jest-circus/build/run.js:121:9)
    at run (/home/frappe/frappe-bench/apps/verenigingen/node_modules/jest-circus/build/run.js:71:3)
    at runAndTransformResultsToJestFormat (/home/frappe/frappe-bench/apps/verenigingen/node_modules/jest-circus/build/legacy-code-todo-rewrite/jestAdapterInit.js:122:21)
    at jestAdapter (/home/frappe/frappe-bench/apps/verenigingen/node_modules/jest-circus/build/legacy-code-todo-rewrite/jestAdapter.js:79:19)
    at runTestInternal (/home/frappe/frappe-bench/apps/verenigingen/node_modules/jest-runner/build/runTest.js:367:16)
    at runTest (/home/frappe/frappe-bench/apps/verenigingen/node_modules/jest-runner/build/runTest.js:444:34)</failure>
    </testcase>
    <testcase classname="Real Chapter Controller Board Management Validation should validate board member roles" name="Real Chapter Controller Board Management Validation should validate board member roles" time="0.002">
      <failure>Error: expect(received).not.toThrow()

Error name:    &quot;Error&quot;
Error message: &quot;No handler found for Chapter.chapter_role&quot;

      303 |
      304 |     if (!doctypeHandlers[event]) {
    &gt; 305 |         throw new Error(`No handler found for ${doctype}.${event}`);
          |               ^
      306 |     }
      307 |
      308 |     // Execute the handler with the mock form

      at testFormEvent (verenigingen/tests/setup/controller-loader.js:305:15)
      at testFormEvent (verenigingen/tests/unit/doctype/test_chapter_controller.test.js:633:21)
      at Object.&lt;anonymous&gt; (node_modules/expect/build/toThrowMatchers.js:74:11)
      at Object.throwingMatcher [as toThrow] (node_modules/expect/build/index.js:320:21)
      at toThrow (verenigingen/tests/unit/doctype/test_chapter_controller.test.js:634:24)
          at Array.forEach (&lt;anonymous&gt;)
      at Object.forEach (verenigingen/tests/unit/doctype/test_chapter_controller.test.js:629:24)
    at toThrow (/home/frappe/frappe-bench/apps/verenigingen/verenigingen/tests/unit/doctype/test_chapter_controller.test.js:634:24)
    at Array.forEach (&lt;anonymous&gt;)
    at Object.forEach (/home/frappe/frappe-bench/apps/verenigingen/verenigingen/tests/unit/doctype/test_chapter_controller.test.js:629:24)
    at Promise.then.completed (/home/frappe/frappe-bench/apps/verenigingen/node_modules/jest-circus/build/utils.js:298:28)
    at new Promise (&lt;anonymous&gt;)
    at callAsyncCircusFn (/home/frappe/frappe-bench/apps/verenigingen/node_modules/jest-circus/build/utils.js:231:10)
    at _callCircusTest (/home/frappe/frappe-bench/apps/verenigingen/node_modules/jest-circus/build/run.js:316:40)
    at _runTest (/home/frappe/frappe-bench/apps/verenigingen/node_modules/jest-circus/build/run.js:252:3)
    at _runTestsForDescribeBlock (/home/frappe/frappe-bench/apps/verenigingen/node_modules/jest-circus/build/run.js:126:9)
    at _runTestsForDescribeBlock (/home/frappe/frappe-bench/apps/verenigingen/node_modules/jest-circus/build/run.js:121:9)
    at _runTestsForDescribeBlock (/home/frappe/frappe-bench/apps/verenigingen/node_modules/jest-circus/build/run.js:121:9)
    at run (/home/frappe/frappe-bench/apps/verenigingen/node_modules/jest-circus/build/run.js:71:3)
    at runAndTransformResultsToJestFormat (/home/frappe/frappe-bench/apps/verenigingen/node_modules/jest-circus/build/legacy-code-todo-rewrite/jestAdapterInit.js:122:21)
    at jestAdapter (/home/frappe/frappe-bench/apps/verenigingen/node_modules/jest-circus/build/legacy-code-todo-rewrite/jestAdapter.js:79:19)
    at runTestInternal (/home/frappe/frappe-bench/apps/verenigingen/node_modules/jest-runner/build/runTest.js:367:16)
    at runTest (/home/frappe/frappe-bench/apps/verenigingen/node_modules/jest-runner/build/runTest.js:444:34)</failure>
    </testcase>
    <testcase classname="Real Chapter Controller Board Management Validation should validate board member terms" name="Real Chapter Controller Board Management Validation should validate board member terms" time="0.002">
      <failure>Error: expect(received).not.toThrow()

Error name:    &quot;Error&quot;
Error message: &quot;No handler found for Chapter.from_date&quot;

      303 |
      304 |     if (!doctypeHandlers[event]) {
    &gt; 305 |         throw new Error(`No handler found for ${doctype}.${event}`);
          |               ^
      306 |     }
      307 |
      308 |     // Execute the handler with the mock form

      at testFormEvent (verenigingen/tests/setup/controller-loader.js:305:15)
      at testFormEvent (verenigingen/tests/unit/doctype/test_chapter_controller.test.js:647:17)
      at Object.&lt;anonymous&gt; (node_modules/expect/build/toThrowMatchers.js:74:11)
      at Object.throwingMatcher [as toThrow] (node_modules/expect/build/index.js:320:21)
      at Object.toThrow (verenigingen/tests/unit/doctype/test_chapter_controller.test.js:649:20)
    at Object.toThrow (/home/frappe/frappe-bench/apps/verenigingen/verenigingen/tests/unit/doctype/test_chapter_controller.test.js:649:20)
    at Promise.then.completed (/home/frappe/frappe-bench/apps/verenigingen/node_modules/jest-circus/build/utils.js:298:28)
    at new Promise (&lt;anonymous&gt;)
    at callAsyncCircusFn (/home/frappe/frappe-bench/apps/verenigingen/node_modules/jest-circus/build/utils.js:231:10)
    at _callCircusTest (/home/frappe/frappe-bench/apps/verenigingen/node_modules/jest-circus/build/run.js:316:40)
    at _runTest (/home/frappe/frappe-bench/apps/verenigingen/node_modules/jest-circus/build/run.js:252:3)
    at _runTestsForDescribeBlock (/home/frappe/frappe-bench/apps/verenigingen/node_modules/jest-circus/build/run.js:126:9)
    at _runTestsForDescribeBlock (/home/frappe/frappe-bench/apps/verenigingen/node_modules/jest-circus/build/run.js:121:9)
    at _runTestsForDescribeBlock (/home/frappe/frappe-bench/apps/verenigingen/node_modules/jest-circus/build/run.js:121:9)
    at run (/home/frappe/frappe-bench/apps/verenigingen/node_modules/jest-circus/build/run.js:71:3)
    at runAndTransformResultsToJestFormat (/home/frappe/frappe-bench/apps/verenigingen/node_modules/jest-circus/build/legacy-code-todo-rewrite/jestAdapterInit.js:122:21)
    at jestAdapter (/home/frappe/frappe-bench/apps/verenigingen/node_modules/jest-circus/build/legacy-code-todo-rewrite/jestAdapter.js:79:19)
    at runTestInternal (/home/frappe/frappe-bench/apps/verenigingen/node_modules/jest-runner/build/runTest.js:367:16)
    at runTest (/home/frappe/frappe-bench/apps/verenigingen/node_modules/jest-runner/build/runTest.js:444:34)</failure>
    </testcase>
    <testcase classname="Real Chapter Controller Board Management Validation should prevent overlapping board terms for same person" name="Real Chapter Controller Board Management Validation should prevent overlapping board terms for same person" time="0">
      <failure>Error: expect(received).toHaveBeenCalledWith(...expected)

Matcher error: received value must be a mock or spy function

Received has value: undefined
    at Object.toHaveBeenCalledWith (/home/frappe/frappe-bench/apps/verenigingen/verenigingen/tests/unit/doctype/test_chapter_controller.test.js:666:57)
    at Promise.then.completed (/home/frappe/frappe-bench/apps/verenigingen/node_modules/jest-circus/build/utils.js:298:28)
    at new Promise (&lt;anonymous&gt;)
    at callAsyncCircusFn (/home/frappe/frappe-bench/apps/verenigingen/node_modules/jest-circus/build/utils.js:231:10)
    at _callCircusTest (/home/frappe/frappe-bench/apps/verenigingen/node_modules/jest-circus/build/run.js:316:40)
    at _runTest (/home/frappe/frappe-bench/apps/verenigingen/node_modules/jest-circus/build/run.js:252:3)
    at _runTestsForDescribeBlock (/home/frappe/frappe-bench/apps/verenigingen/node_modules/jest-circus/build/run.js:126:9)
    at _runTestsForDescribeBlock (/home/frappe/frappe-bench/apps/verenigingen/node_modules/jest-circus/build/run.js:121:9)
    at _runTestsForDescribeBlock (/home/frappe/frappe-bench/apps/verenigingen/node_modules/jest-circus/build/run.js:121:9)
    at run (/home/frappe/frappe-bench/apps/verenigingen/node_modules/jest-circus/build/run.js:71:3)
    at runAndTransformResultsToJestFormat (/home/frappe/frappe-bench/apps/verenigingen/node_modules/jest-circus/build/legacy-code-todo-rewrite/jestAdapterInit.js:122:21)
    at jestAdapter (/home/frappe/frappe-bench/apps/verenigingen/node_modules/jest-circus/build/legacy-code-todo-rewrite/jestAdapter.js:79:19)
    at runTestInternal (/home/frappe/frappe-bench/apps/verenigingen/node_modules/jest-runner/build/runTest.js:367:16)
    at runTest (/home/frappe/frappe-bench/apps/verenigingen/node_modules/jest-runner/build/runTest.js:444:34)</failure>
    </testcase>
    <testcase classname="Real Chapter Controller Publication and Web Integration should handle publication status changes" name="Real Chapter Controller Publication and Web Integration should handle publication status changes" time="0">
      <failure>Error: expect(jest.fn()).toHaveBeenCalledWith(...expected)

Expected: ObjectContaining {&quot;method&quot;: StringContaining &quot;update_publication_status&quot;}

Number of calls: 0
    at Object.toHaveBeenCalledWith (/home/frappe/frappe-bench/apps/verenigingen/verenigingen/tests/unit/doctype/test_chapter_controller.test.js:676:40)
    at Promise.then.completed (/home/frappe/frappe-bench/apps/verenigingen/node_modules/jest-circus/build/utils.js:298:28)
    at new Promise (&lt;anonymous&gt;)
    at callAsyncCircusFn (/home/frappe/frappe-bench/apps/verenigingen/node_modules/jest-circus/build/utils.js:231:10)
    at _callCircusTest (/home/frappe/frappe-bench/apps/verenigingen/node_modules/jest-circus/build/run.js:316:40)
    at _runTest (/home/frappe/frappe-bench/apps/verenigingen/node_modules/jest-circus/build/run.js:252:3)
    at _runTestsForDescribeBlock (/home/frappe/frappe-bench/apps/verenigingen/node_modules/jest-circus/build/run.js:126:9)
    at _runTestsForDescribeBlock (/home/frappe/frappe-bench/apps/verenigingen/node_modules/jest-circus/build/run.js:121:9)
    at _runTestsForDescribeBlock (/home/frappe/frappe-bench/apps/verenigingen/node_modules/jest-circus/build/run.js:121:9)
    at run (/home/frappe/frappe-bench/apps/verenigingen/node_modules/jest-circus/build/run.js:71:3)
    at runAndTransformResultsToJestFormat (/home/frappe/frappe-bench/apps/verenigingen/node_modules/jest-circus/build/legacy-code-todo-rewrite/jestAdapterInit.js:122:21)
    at jestAdapter (/home/frappe/frappe-bench/apps/verenigingen/node_modules/jest-circus/build/legacy-code-todo-rewrite/jestAdapter.js:79:19)
    at runTestInternal (/home/frappe/frappe-bench/apps/verenigingen/node_modules/jest-runner/build/runTest.js:367:16)
    at runTest (/home/frappe/frappe-bench/apps/verenigingen/node_modules/jest-runner/build/runTest.js:444:34)</failure>
    </testcase>
    <testcase classname="Real Chapter Controller Publication and Web Integration should validate web route when published" name="Real Chapter Controller Publication and Web Integration should validate web route when published" time="0.001">
      <failure>Error: expect(jest.fn()).toHaveBeenCalled()

Expected number of calls: &gt;= 1
Received number of calls:    0
    at Object.toHaveBeenCalled (/home/frappe/frappe-bench/apps/verenigingen/verenigingen/tests/unit/doctype/test_chapter_controller.test.js:689:40)
    at Promise.then.completed (/home/frappe/frappe-bench/apps/verenigingen/node_modules/jest-circus/build/utils.js:298:28)
    at new Promise (&lt;anonymous&gt;)
    at callAsyncCircusFn (/home/frappe/frappe-bench/apps/verenigingen/node_modules/jest-circus/build/utils.js:231:10)
    at _callCircusTest (/home/frappe/frappe-bench/apps/verenigingen/node_modules/jest-circus/build/run.js:316:40)
    at _runTest (/home/frappe/frappe-bench/apps/verenigingen/node_modules/jest-circus/build/run.js:252:3)
    at _runTestsForDescribeBlock (/home/frappe/frappe-bench/apps/verenigingen/node_modules/jest-circus/build/run.js:126:9)
    at _runTestsForDescribeBlock (/home/frappe/frappe-bench/apps/verenigingen/node_modules/jest-circus/build/run.js:121:9)
    at _runTestsForDescribeBlock (/home/frappe/frappe-bench/apps/verenigingen/node_modules/jest-circus/build/run.js:121:9)
    at run (/home/frappe/frappe-bench/apps/verenigingen/node_modules/jest-circus/build/run.js:71:3)
    at runAndTransformResultsToJestFormat (/home/frappe/frappe-bench/apps/verenigingen/node_modules/jest-circus/build/legacy-code-todo-rewrite/jestAdapterInit.js:122:21)
    at jestAdapter (/home/frappe/frappe-bench/apps/verenigingen/node_modules/jest-circus/build/legacy-code-todo-rewrite/jestAdapter.js:79:19)
    at runTestInternal (/home/frappe/frappe-bench/apps/verenigingen/node_modules/jest-runner/build/runTest.js:367:16)
    at runTest (/home/frappe/frappe-bench/apps/verenigingen/node_modules/jest-runner/build/runTest.js:444:34)</failure>
    </testcase>
    <testcase classname="Real Chapter Controller Publication and Web Integration should handle unpublishing" name="Real Chapter Controller Publication and Web Integration should handle unpublishing" time="0.001">
      <failure>Error: expect(jest.fn()).toHaveBeenCalledWith(...expected)

Expected: ObjectContaining {&quot;method&quot;: StringContaining &quot;update_publication_status&quot;}

Number of calls: 0
    at Object.toHaveBeenCalledWith (/home/frappe/frappe-bench/apps/verenigingen/verenigingen/tests/unit/doctype/test_chapter_controller.test.js:697:40)
    at Promise.then.completed (/home/frappe/frappe-bench/apps/verenigingen/node_modules/jest-circus/build/utils.js:298:28)
    at new Promise (&lt;anonymous&gt;)
    at callAsyncCircusFn (/home/frappe/frappe-bench/apps/verenigingen/node_modules/jest-circus/build/utils.js:231:10)
    at _callCircusTest (/home/frappe/frappe-bench/apps/verenigingen/node_modules/jest-circus/build/run.js:316:40)
    at _runTest (/home/frappe/frappe-bench/apps/verenigingen/node_modules/jest-circus/build/run.js:252:3)
    at _runTestsForDescribeBlock (/home/frappe/frappe-bench/apps/verenigingen/node_modules/jest-circus/build/run.js:126:9)
    at _runTestsForDescribeBlock (/home/frappe/frappe-bench/apps/verenigingen/node_modules/jest-circus/build/run.js:121:9)
    at _runTestsForDescribeBlock (/home/frappe/frappe-bench/apps/verenigingen/node_modules/jest-circus/build/run.js:121:9)
    at run (/home/frappe/frappe-bench/apps/verenigingen/node_modules/jest-circus/build/run.js:71:3)
    at runAndTransformResultsToJestFormat (/home/frappe/frappe-bench/apps/verenigingen/node_modules/jest-circus/build/legacy-code-todo-rewrite/jestAdapterInit.js:122:21)
    at jestAdapter (/home/frappe/frappe-bench/apps/verenigingen/node_modules/jest-circus/build/legacy-code-todo-rewrite/jestAdapter.js:79:19)
    at runTestInternal (/home/frappe/frappe-bench/apps/verenigingen/node_modules/jest-runner/build/runTest.js:367:16)
    at runTest (/home/frappe/frappe-bench/apps/verenigingen/node_modules/jest-runner/build/runTest.js:444:34)</failure>
    </testcase>
    <testcase classname="Real Chapter Controller Member Assignment and Management should handle member postal code assignments" name="Real Chapter Controller Member Assignment and Management should handle member postal code assignments" time="0.001">
      <failure>Error: expect(received).toHaveBeenCalledWith(...expected)

Matcher error: received value must be a mock or spy function

Received has value: undefined
    at Object.toHaveBeenCalledWith (/home/frappe/frappe-bench/apps/verenigingen/verenigingen/tests/unit/doctype/test_chapter_controller.test.js:715:57)
    at Promise.then.completed (/home/frappe/frappe-bench/apps/verenigingen/node_modules/jest-circus/build/utils.js:298:28)
    at new Promise (&lt;anonymous&gt;)
    at callAsyncCircusFn (/home/frappe/frappe-bench/apps/verenigingen/node_modules/jest-circus/build/utils.js:231:10)
    at _callCircusTest (/home/frappe/frappe-bench/apps/verenigingen/node_modules/jest-circus/build/run.js:316:40)
    at _runTest (/home/frappe/frappe-bench/apps/verenigingen/node_modules/jest-circus/build/run.js:252:3)
    at _runTestsForDescribeBlock (/home/frappe/frappe-bench/apps/verenigingen/node_modules/jest-circus/build/run.js:126:9)
    at _runTestsForDescribeBlock (/home/frappe/frappe-bench/apps/verenigingen/node_modules/jest-circus/build/run.js:121:9)
    at _runTestsForDescribeBlock (/home/frappe/frappe-bench/apps/verenigingen/node_modules/jest-circus/build/run.js:121:9)
    at run (/home/frappe/frappe-bench/apps/verenigingen/node_modules/jest-circus/build/run.js:71:3)
    at runAndTransformResultsToJestFormat (/home/frappe/frappe-bench/apps/verenigingen/node_modules/jest-circus/build/legacy-code-todo-rewrite/jestAdapterInit.js:122:21)
    at jestAdapter (/home/frappe/frappe-bench/apps/verenigingen/node_modules/jest-circus/build/legacy-code-todo-rewrite/jestAdapter.js:79:19)
    at runTestInternal (/home/frappe/frappe-bench/apps/verenigingen/node_modules/jest-runner/build/runTest.js:367:16)
    at runTest (/home/frappe/frappe-bench/apps/verenigingen/node_modules/jest-runner/build/runTest.js:444:34)</failure>
    </testcase>
    <testcase classname="Real Chapter Controller Member Assignment and Management should validate member eligibility for board positions" name="Real Chapter Controller Member Assignment and Management should validate member eligibility for board positions" time="0.001">
      <failure>Error: No handler found for Chapter.volunteer
    at testFormEvent (/home/frappe/frappe-bench/apps/verenigingen/verenigingen/tests/setup/controller-loader.js:305:15)
    at Object.testFormEvent (/home/frappe/frappe-bench/apps/verenigingen/verenigingen/tests/unit/doctype/test_chapter_controller.test.js:722:13)
    at Promise.then.completed (/home/frappe/frappe-bench/apps/verenigingen/node_modules/jest-circus/build/utils.js:298:28)
    at new Promise (&lt;anonymous&gt;)
    at callAsyncCircusFn (/home/frappe/frappe-bench/apps/verenigingen/node_modules/jest-circus/build/utils.js:231:10)
    at _callCircusTest (/home/frappe/frappe-bench/apps/verenigingen/node_modules/jest-circus/build/run.js:316:40)
    at _runTest (/home/frappe/frappe-bench/apps/verenigingen/node_modules/jest-circus/build/run.js:252:3)
    at _runTestsForDescribeBlock (/home/frappe/frappe-bench/apps/verenigingen/node_modules/jest-circus/build/run.js:126:9)
    at _runTestsForDescribeBlock (/home/frappe/frappe-bench/apps/verenigingen/node_modules/jest-circus/build/run.js:121:9)
    at _runTestsForDescribeBlock (/home/frappe/frappe-bench/apps/verenigingen/node_modules/jest-circus/build/run.js:121:9)
    at run (/home/frappe/frappe-bench/apps/verenigingen/node_modules/jest-circus/build/run.js:71:3)
    at runAndTransformResultsToJestFormat (/home/frappe/frappe-bench/apps/verenigingen/node_modules/jest-circus/build/legacy-code-todo-rewrite/jestAdapterInit.js:122:21)
    at jestAdapter (/home/frappe/frappe-bench/apps/verenigingen/node_modules/jest-circus/build/legacy-code-todo-rewrite/jestAdapter.js:79:19)
    at runTestInternal (/home/frappe/frappe-bench/apps/verenigingen/node_modules/jest-runner/build/runTest.js:367:16)
    at runTest (/home/frappe/frappe-bench/apps/verenigingen/node_modules/jest-runner/build/runTest.js:444:34)</failure>
    </testcase>
    <testcase classname="Real Chapter Controller Error Handling and Edge Cases should handle missing postal codes gracefully" name="Real Chapter Controller Error Handling and Edge Cases should handle missing postal codes gracefully" time="0.001">
    </testcase>
    <testcase classname="Real Chapter Controller Error Handling and Edge Cases should handle invalid postal code formats" name="Real Chapter Controller Error Handling and Edge Cases should handle invalid postal code formats" time="0.001">
      <failure>Error: expect(received).toHaveBeenCalledWith(...expected)

Matcher error: received value must be a mock or spy function

Received has value: undefined
    at Object.toHaveBeenCalledWith (/home/frappe/frappe-bench/apps/verenigingen/verenigingen/tests/unit/doctype/test_chapter_controller.test.js:748:57)
    at Promise.then.completed (/home/frappe/frappe-bench/apps/verenigingen/node_modules/jest-circus/build/utils.js:298:28)
    at new Promise (&lt;anonymous&gt;)
    at callAsyncCircusFn (/home/frappe/frappe-bench/apps/verenigingen/node_modules/jest-circus/build/utils.js:231:10)
    at _callCircusTest (/home/frappe/frappe-bench/apps/verenigingen/node_modules/jest-circus/build/run.js:316:40)
    at _runTest (/home/frappe/frappe-bench/apps/verenigingen/node_modules/jest-circus/build/run.js:252:3)
    at _runTestsForDescribeBlock (/home/frappe/frappe-bench/apps/verenigingen/node_modules/jest-circus/build/run.js:126:9)
    at _runTestsForDescribeBlock (/home/frappe/frappe-bench/apps/verenigingen/node_modules/jest-circus/build/run.js:121:9)
    at _runTestsForDescribeBlock (/home/frappe/frappe-bench/apps/verenigingen/node_modules/jest-circus/build/run.js:121:9)
    at run (/home/frappe/frappe-bench/apps/verenigingen/node_modules/jest-circus/build/run.js:71:3)
    at runAndTransformResultsToJestFormat (/home/frappe/frappe-bench/apps/verenigingen/node_modules/jest-circus/build/legacy-code-todo-rewrite/jestAdapterInit.js:122:21)
    at jestAdapter (/home/frappe/frappe-bench/apps/verenigingen/node_modules/jest-circus/build/legacy-code-todo-rewrite/jestAdapter.js:79:19)
    at runTestInternal (/home/frappe/frappe-bench/apps/verenigingen/node_modules/jest-runner/build/runTest.js:367:16)
    at runTest (/home/frappe/frappe-bench/apps/verenigingen/node_modules/jest-runner/build/runTest.js:444:34)</failure>
    </testcase>
    <testcase classname="Real Chapter Controller Error Handling and Edge Cases should handle empty board members list" name="Real Chapter Controller Error Handling and Edge Cases should handle empty board members list" time="0">
    </testcase>
    <testcase classname="Real Chapter Controller Error Handling and Edge Cases should handle server validation errors" name="Real Chapter Controller Error Handling and Edge Cases should handle server validation errors" time="0.001">
      <failure>Error: expect(jest.fn()).toHaveBeenCalledWith(...expected)

Expected: StringContaining &quot;Postal code validation failed&quot;
Received: &quot;Error validating postal codes: {0}&quot;

Number of calls: 1
    at Object.toHaveBeenCalledWith (/home/frappe/frappe-bench/apps/verenigingen/verenigingen/tests/unit/doctype/test_chapter_controller.test.js:770:44)
    at Promise.then.completed (/home/frappe/frappe-bench/apps/verenigingen/node_modules/jest-circus/build/utils.js:298:28)
    at new Promise (&lt;anonymous&gt;)
    at callAsyncCircusFn (/home/frappe/frappe-bench/apps/verenigingen/node_modules/jest-circus/build/utils.js:231:10)
    at _callCircusTest (/home/frappe/frappe-bench/apps/verenigingen/node_modules/jest-circus/build/run.js:316:40)
    at _runTest (/home/frappe/frappe-bench/apps/verenigingen/node_modules/jest-circus/build/run.js:252:3)
    at _runTestsForDescribeBlock (/home/frappe/frappe-bench/apps/verenigingen/node_modules/jest-circus/build/run.js:126:9)
    at _runTestsForDescribeBlock (/home/frappe/frappe-bench/apps/verenigingen/node_modules/jest-circus/build/run.js:121:9)
    at _runTestsForDescribeBlock (/home/frappe/frappe-bench/apps/verenigingen/node_modules/jest-circus/build/run.js:121:9)
    at run (/home/frappe/frappe-bench/apps/verenigingen/node_modules/jest-circus/build/run.js:71:3)
    at runAndTransformResultsToJestFormat (/home/frappe/frappe-bench/apps/verenigingen/node_modules/jest-circus/build/legacy-code-todo-rewrite/jestAdapterInit.js:122:21)
    at jestAdapter (/home/frappe/frappe-bench/apps/verenigingen/node_modules/jest-circus/build/legacy-code-todo-rewrite/jestAdapter.js:79:19)
    at runTestInternal (/home/frappe/frappe-bench/apps/verenigingen/node_modules/jest-runner/build/runTest.js:367:16)
    at runTest (/home/frappe/frappe-bench/apps/verenigingen/node_modules/jest-runner/build/runTest.js:444:34)</failure>
    </testcase>
    <testcase classname="Real Chapter Controller Error Handling and Edge Cases should handle network timeouts gracefully" name="Real Chapter Controller Error Handling and Edge Cases should handle network timeouts gracefully" time="0.002">
    </testcase>
    <testcase classname="Real Chapter Controller Performance Considerations should not make excessive server calls during refresh" name="Real Chapter Controller Performance Considerations should not make excessive server calls during refresh" time="0">
      <failure>TypeError: frm.fields_dict.board_members.grid.get_field is not a function
    at setup_board_grid (/home/frappe/frappe-bench/apps/verenigingen/verenigingen/verenigingen/doctype/chapter/chapter.js:404:38)
    at Object.refresh (/home/frappe/frappe-bench/apps/verenigingen/verenigingen/verenigingen/doctype/chapter/chapter.js:93:3)
    at testFormEvent (/home/frappe/frappe-bench/apps/verenigingen/verenigingen/tests/setup/controller-loader.js:309:34)
    at Object.testFormEvent (/home/frappe/frappe-bench/apps/verenigingen/verenigingen/tests/unit/doctype/test_chapter_controller.test.js:791:13)
    at Promise.then.completed (/home/frappe/frappe-bench/apps/verenigingen/node_modules/jest-circus/build/utils.js:298:28)
    at new Promise (&lt;anonymous&gt;)
    at callAsyncCircusFn (/home/frappe/frappe-bench/apps/verenigingen/node_modules/jest-circus/build/utils.js:231:10)
    at _callCircusTest (/home/frappe/frappe-bench/apps/verenigingen/node_modules/jest-circus/build/run.js:316:40)
    at _runTest (/home/frappe/frappe-bench/apps/verenigingen/node_modules/jest-circus/build/run.js:252:3)
    at _runTestsForDescribeBlock (/home/frappe/frappe-bench/apps/verenigingen/node_modules/jest-circus/build/run.js:126:9)</failure>
    </testcase>
    <testcase classname="Real Chapter Controller Performance Considerations should handle large board member lists efficiently" name="Real Chapter Controller Performance Considerations should handle large board member lists efficiently" time="0.008">
      <failure>Error: expect(received).not.toThrow()

Error name:    &quot;TypeError&quot;
Error message: &quot;frm.fields_dict.board_members.grid.get_field is not a function&quot;

      402 | 	// Set up board members grid
      403 | 	if (frm.fields_dict.board_members &amp;&amp; frm.fields_dict.board_members.grid) {
    &gt; 404 | 		frm.fields_dict.board_members.grid.get_field(&apos;volunteer&apos;).get_query = function () {
          | 		                                   ^
      405 | 			return {
      406 | 				filters: {
      407 | 					status: [&apos;in&apos;, [&apos;Active&apos;, &apos;New&apos;]]

      at setup_board_grid (verenigingen/verenigingen/doctype/chapter/chapter.js:404:38)
      at Object.refresh (verenigingen/verenigingen/doctype/chapter/chapter.js:93:3)
      at testFormEvent (verenigingen/tests/setup/controller-loader.js:309:34)
      at testFormEvent (verenigingen/tests/unit/doctype/test_chapter_controller.test.js:815:17)
      at Object.&lt;anonymous&gt; (node_modules/expect/build/toThrowMatchers.js:74:11)
      at Object.throwingMatcher [as toThrow] (node_modules/expect/build/index.js:320:21)
      at Object.toThrow (verenigingen/tests/unit/doctype/test_chapter_controller.test.js:816:20)
    at Object.toThrow (/home/frappe/frappe-bench/apps/verenigingen/verenigingen/tests/unit/doctype/test_chapter_controller.test.js:816:20)
    at Promise.then.completed (/home/frappe/frappe-bench/apps/verenigingen/node_modules/jest-circus/build/utils.js:298:28)
    at new Promise (&lt;anonymous&gt;)
    at callAsyncCircusFn (/home/frappe/frappe-bench/apps/verenigingen/node_modules/jest-circus/build/utils.js:231:10)
    at _callCircusTest (/home/frappe/frappe-bench/apps/verenigingen/node_modules/jest-circus/build/run.js:316:40)
    at _runTest (/home/frappe/frappe-bench/apps/verenigingen/node_modules/jest-circus/build/run.js:252:3)
    at _runTestsForDescribeBlock (/home/frappe/frappe-bench/apps/verenigingen/node_modules/jest-circus/build/run.js:126:9)
    at _runTestsForDescribeBlock (/home/frappe/frappe-bench/apps/verenigingen/node_modules/jest-circus/build/run.js:121:9)
    at _runTestsForDescribeBlock (/home/frappe/frappe-bench/apps/verenigingen/node_modules/jest-circus/build/run.js:121:9)
    at run (/home/frappe/frappe-bench/apps/verenigingen/node_modules/jest-circus/build/run.js:71:3)
    at runAndTransformResultsToJestFormat (/home/frappe/frappe-bench/apps/verenigingen/node_modules/jest-circus/build/legacy-code-todo-rewrite/jestAdapterInit.js:122:21)
    at jestAdapter (/home/frappe/frappe-bench/apps/verenigingen/node_modules/jest-circus/build/legacy-code-todo-rewrite/jestAdapter.js:79:19)
    at runTestInternal (/home/frappe/frappe-bench/apps/verenigingen/node_modules/jest-runner/build/runTest.js:367:16)
    at runTest (/home/frappe/frappe-bench/apps/verenigingen/node_modules/jest-runner/build/runTest.js:444:34)</failure>
    </testcase>
    <testcase classname="Real Chapter Controller Integration with Member Management should integrate with member assignment system" name="Real Chapter Controller Integration with Member Management should integrate with member assignment system" time="0.001">
      <failure>Error: expect(received).toHaveBeenCalledWith(...expected)

Matcher error: received value must be a mock or spy function

Received has value: undefined
    at Object.toHaveBeenCalledWith (/home/frappe/frappe-bench/apps/verenigingen/verenigingen/tests/unit/doctype/test_chapter_controller.test.js:824:57)
    at Promise.then.completed (/home/frappe/frappe-bench/apps/verenigingen/node_modules/jest-circus/build/utils.js:298:28)
    at new Promise (&lt;anonymous&gt;)
    at callAsyncCircusFn (/home/frappe/frappe-bench/apps/verenigingen/node_modules/jest-circus/build/utils.js:231:10)
    at _callCircusTest (/home/frappe/frappe-bench/apps/verenigingen/node_modules/jest-circus/build/run.js:316:40)
    at _runTest (/home/frappe/frappe-bench/apps/verenigingen/node_modules/jest-circus/build/run.js:252:3)
    at _runTestsForDescribeBlock (/home/frappe/frappe-bench/apps/verenigingen/node_modules/jest-circus/build/run.js:126:9)
    at _runTestsForDescribeBlock (/home/frappe/frappe-bench/apps/verenigingen/node_modules/jest-circus/build/run.js:121:9)
    at _runTestsForDescribeBlock (/home/frappe/frappe-bench/apps/verenigingen/node_modules/jest-circus/build/run.js:121:9)
    at run (/home/frappe/frappe-bench/apps/verenigingen/node_modules/jest-circus/build/run.js:71:3)
    at runAndTransformResultsToJestFormat (/home/frappe/frappe-bench/apps/verenigingen/node_modules/jest-circus/build/legacy-code-todo-rewrite/jestAdapterInit.js:122:21)
    at jestAdapter (/home/frappe/frappe-bench/apps/verenigingen/node_modules/jest-circus/build/legacy-code-todo-rewrite/jestAdapter.js:79:19)
    at runTestInternal (/home/frappe/frappe-bench/apps/verenigingen/node_modules/jest-runner/build/runTest.js:367:16)
    at runTest (/home/frappe/frappe-bench/apps/verenigingen/node_modules/jest-runner/build/runTest.js:444:34)</failure>
    </testcase>
    <testcase classname="Real Chapter Controller Integration with Member Management should validate chapter head member relationship" name="Real Chapter Controller Integration with Member Management should validate chapter head member relationship" time="0.001">
      <failure>Error: expect(jest.fn()).toHaveBeenCalledWith(...expected)

Expected: ObjectContaining {&quot;method&quot;: StringContaining &quot;validate_chapter_head&quot;}

Number of calls: 0
    at Object.toHaveBeenCalledWith (/home/frappe/frappe-bench/apps/verenigingen/verenigingen/tests/unit/doctype/test_chapter_controller.test.js:832:40)
    at Promise.then.completed (/home/frappe/frappe-bench/apps/verenigingen/node_modules/jest-circus/build/utils.js:298:28)
    at new Promise (&lt;anonymous&gt;)
    at callAsyncCircusFn (/home/frappe/frappe-bench/apps/verenigingen/node_modules/jest-circus/build/utils.js:231:10)
    at _callCircusTest (/home/frappe/frappe-bench/apps/verenigingen/node_modules/jest-circus/build/run.js:316:40)
    at _runTest (/home/frappe/frappe-bench/apps/verenigingen/node_modules/jest-circus/build/run.js:252:3)
    at _runTestsForDescribeBlock (/home/frappe/frappe-bench/apps/verenigingen/node_modules/jest-circus/build/run.js:126:9)
    at _runTestsForDescribeBlock (/home/frappe/frappe-bench/apps/verenigingen/node_modules/jest-circus/build/run.js:121:9)
    at _runTestsForDescribeBlock (/home/frappe/frappe-bench/apps/verenigingen/node_modules/jest-circus/build/run.js:121:9)
    at run (/home/frappe/frappe-bench/apps/verenigingen/node_modules/jest-circus/build/run.js:71:3)
    at runAndTransformResultsToJestFormat (/home/frappe/frappe-bench/apps/verenigingen/node_modules/jest-circus/build/legacy-code-todo-rewrite/jestAdapterInit.js:122:21)
    at jestAdapter (/home/frappe/frappe-bench/apps/verenigingen/node_modules/jest-circus/build/legacy-code-todo-rewrite/jestAdapter.js:79:19)
    at runTestInternal (/home/frappe/frappe-bench/apps/verenigingen/node_modules/jest-runner/build/runTest.js:367:16)
    at runTest (/home/frappe/frappe-bench/apps/verenigingen/node_modules/jest-runner/build/runTest.js:444:34)</failure>
    </testcase>
    <testcase classname="Real Chapter Controller Cost Center Integration should handle cost center assignment" name="Real Chapter Controller Cost Center Integration should handle cost center assignment" time="0.001">
      <failure>Error: expect(received).not.toThrow()

Error name:    &quot;TypeError&quot;
Error message: &quot;frm.fields_dict.board_members.grid.get_field is not a function&quot;

      402 | 	// Set up board members grid
      403 | 	if (frm.fields_dict.board_members &amp;&amp; frm.fields_dict.board_members.grid) {
    &gt; 404 | 		frm.fields_dict.board_members.grid.get_field(&apos;volunteer&apos;).get_query = function () {
          | 		                                   ^
      405 | 			return {
      406 | 				filters: {
      407 | 					status: [&apos;in&apos;, [&apos;Active&apos;, &apos;New&apos;]]

      at setup_board_grid (verenigingen/verenigingen/doctype/chapter/chapter.js:404:38)
      at Object.refresh (verenigingen/verenigingen/doctype/chapter/chapter.js:93:3)
      at testFormEvent (verenigingen/tests/setup/controller-loader.js:309:34)
      at testFormEvent (verenigingen/tests/unit/doctype/test_chapter_controller.test.js:845:17)
      at Object.&lt;anonymous&gt; (node_modules/expect/build/toThrowMatchers.js:74:11)
      at Object.throwingMatcher [as toThrow] (node_modules/expect/build/index.js:320:21)
      at Object.toThrow (verenigingen/tests/unit/doctype/test_chapter_controller.test.js:846:20)
    at Object.toThrow (/home/frappe/frappe-bench/apps/verenigingen/verenigingen/tests/unit/doctype/test_chapter_controller.test.js:846:20)
    at Promise.then.completed (/home/frappe/frappe-bench/apps/verenigingen/node_modules/jest-circus/build/utils.js:298:28)
    at new Promise (&lt;anonymous&gt;)
    at callAsyncCircusFn (/home/frappe/frappe-bench/apps/verenigingen/node_modules/jest-circus/build/utils.js:231:10)
    at _callCircusTest (/home/frappe/frappe-bench/apps/verenigingen/node_modules/jest-circus/build/run.js:316:40)
    at _runTest (/home/frappe/frappe-bench/apps/verenigingen/node_modules/jest-circus/build/run.js:252:3)
    at _runTestsForDescribeBlock (/home/frappe/frappe-bench/apps/verenigingen/node_modules/jest-circus/build/run.js:126:9)
    at _runTestsForDescribeBlock (/home/frappe/frappe-bench/apps/verenigingen/node_modules/jest-circus/build/run.js:121:9)
    at _runTestsForDescribeBlock (/home/frappe/frappe-bench/apps/verenigingen/node_modules/jest-circus/build/run.js:121:9)
    at run (/home/frappe/frappe-bench/apps/verenigingen/node_modules/jest-circus/build/run.js:71:3)
    at runAndTransformResultsToJestFormat (/home/frappe/frappe-bench/apps/verenigingen/node_modules/jest-circus/build/legacy-code-todo-rewrite/jestAdapterInit.js:122:21)
    at jestAdapter (/home/frappe/frappe-bench/apps/verenigingen/node_modules/jest-circus/build/legacy-code-todo-rewrite/jestAdapter.js:79:19)
    at runTestInternal (/home/frappe/frappe-bench/apps/verenigingen/node_modules/jest-runner/build/runTest.js:367:16)
    at runTest (/home/frappe/frappe-bench/apps/verenigingen/node_modules/jest-runner/build/runTest.js:444:34)</failure>
    </testcase>
    <testcase classname="Real Chapter Controller Cost Center Integration should validate cost center access" name="Real Chapter Controller Cost Center Integration should validate cost center access" time="0.001">
      <failure>Error: expect(received).toHaveBeenCalledWith(...expected)

Matcher error: received value must be a mock or spy function

Received has value: undefined
    at Object.toHaveBeenCalledWith (/home/frappe/frappe-bench/apps/verenigingen/verenigingen/tests/unit/doctype/test_chapter_controller.test.js:854:57)
    at Promise.then.completed (/home/frappe/frappe-bench/apps/verenigingen/node_modules/jest-circus/build/utils.js:298:28)
    at new Promise (&lt;anonymous&gt;)
    at callAsyncCircusFn (/home/frappe/frappe-bench/apps/verenigingen/node_modules/jest-circus/build/utils.js:231:10)
    at _callCircusTest (/home/frappe/frappe-bench/apps/verenigingen/node_modules/jest-circus/build/run.js:316:40)
    at _runTest (/home/frappe/frappe-bench/apps/verenigingen/node_modules/jest-circus/build/run.js:252:3)
    at _runTestsForDescribeBlock (/home/frappe/frappe-bench/apps/verenigingen/node_modules/jest-circus/build/run.js:126:9)
    at _runTestsForDescribeBlock (/home/frappe/frappe-bench/apps/verenigingen/node_modules/jest-circus/build/run.js:121:9)
    at _runTestsForDescribeBlock (/home/frappe/frappe-bench/apps/verenigingen/node_modules/jest-circus/build/run.js:121:9)
    at run (/home/frappe/frappe-bench/apps/verenigingen/node_modules/jest-circus/build/run.js:71:3)
    at runAndTransformResultsToJestFormat (/home/frappe/frappe-bench/apps/verenigingen/node_modules/jest-circus/build/legacy-code-todo-rewrite/jestAdapterInit.js:122:21)
    at jestAdapter (/home/frappe/frappe-bench/apps/verenigingen/node_modules/jest-circus/build/legacy-code-todo-rewrite/jestAdapter.js:79:19)
    at runTestInternal (/home/frappe/frappe-bench/apps/verenigingen/node_modules/jest-runner/build/runTest.js:367:16)
    at runTest (/home/frappe/frappe-bench/apps/verenigingen/node_modules/jest-runner/build/runTest.js:444:34)</failure>
    </testcase>
  </testsuite>
  <testsuite name="Real Member Controller" errors="0" failures="6" skipped="0" timestamp="2025-08-20T06:41:00" time="0.164" tests="30">
    <testcase classname="Real Member Controller Form Refresh Handler should execute refresh handler without errors" name="Real Member Controller Form Refresh Handler should execute refresh handler without errors" time="0.003">
    </testcase>
    <testcase classname="Real Member Controller Form Refresh Handler should set up member status indicators" name="Real Member Controller Form Refresh Handler should set up member status indicators" time="0.002">
      <failure>Error: expect(jest.fn()).toHaveBeenCalled()

Expected number of calls: &gt;= 1
Received number of calls:    0
    at Object.toHaveBeenCalled (/home/frappe/frappe-bench/apps/verenigingen/verenigingen/tests/unit/doctype/test_member_controller.test.js:157:44)
    at Promise.then.completed (/home/frappe/frappe-bench/apps/verenigingen/node_modules/jest-circus/build/utils.js:298:28)
    at new Promise (&lt;anonymous&gt;)
    at callAsyncCircusFn (/home/frappe/frappe-bench/apps/verenigingen/node_modules/jest-circus/build/utils.js:231:10)
    at _callCircusTest (/home/frappe/frappe-bench/apps/verenigingen/node_modules/jest-circus/build/run.js:316:40)
    at _runTest (/home/frappe/frappe-bench/apps/verenigingen/node_modules/jest-circus/build/run.js:252:3)
    at _runTestsForDescribeBlock (/home/frappe/frappe-bench/apps/verenigingen/node_modules/jest-circus/build/run.js:126:9)
    at _runTestsForDescribeBlock (/home/frappe/frappe-bench/apps/verenigingen/node_modules/jest-circus/build/run.js:121:9)
    at _runTestsForDescribeBlock (/home/frappe/frappe-bench/apps/verenigingen/node_modules/jest-circus/build/run.js:121:9)
    at run (/home/frappe/frappe-bench/apps/verenigingen/node_modules/jest-circus/build/run.js:71:3)
    at runAndTransformResultsToJestFormat (/home/frappe/frappe-bench/apps/verenigingen/node_modules/jest-circus/build/legacy-code-todo-rewrite/jestAdapterInit.js:122:21)
    at jestAdapter (/home/frappe/frappe-bench/apps/verenigingen/node_modules/jest-circus/build/legacy-code-todo-rewrite/jestAdapter.js:79:19)
    at runTestInternal (/home/frappe/frappe-bench/apps/verenigingen/node_modules/jest-runner/build/runTest.js:367:16)
    at runTest (/home/frappe/frappe-bench/apps/verenigingen/node_modules/jest-runner/build/runTest.js:444:34)</failure>
    </testcase>
    <testcase classname="Real Member Controller Form Refresh Handler should handle different member statuses" name="Real Member Controller Form Refresh Handler should handle different member statuses" time="0.002">
    </testcase>
    <testcase classname="Real Member Controller Dutch Name Processing should handle Dutch name components correctly" name="Real Member Controller Dutch Name Processing should handle Dutch name components correctly" time="0.001">
    </testcase>
    <testcase classname="Real Member Controller Dutch Name Processing should generate full name from components" name="Real Member Controller Dutch Name Processing should generate full name from components" time="0.001">
    </testcase>
    <testcase classname="Real Member Controller Dutch Name Processing should handle names without tussenvoegsel" name="Real Member Controller Dutch Name Processing should handle names without tussenvoegsel" time="0.007">
    </testcase>
    <testcase classname="Real Member Controller Address and Contact Management should toggle display for address and contact fields" name="Real Member Controller Address and Contact Management should toggle display for address and contact fields" time="0.002">
      <failure>Error: expect(jest.fn()).toHaveBeenCalledWith(...expected)

Expected: [&quot;address_html&quot;, &quot;contact_html&quot;], true
Received
       1: &quot;tussenvoegsel&quot;, true
       2: &quot;fee_management_section&quot;, true
       3: &quot;dues_rate&quot;, true

Number of calls: 8
    at Object.toHaveBeenCalledWith (/home/frappe/frappe-bench/apps/verenigingen/verenigingen/tests/unit/doctype/test_member_controller.test.js:217:40)
    at Promise.then.completed (/home/frappe/frappe-bench/apps/verenigingen/node_modules/jest-circus/build/utils.js:298:28)
    at new Promise (&lt;anonymous&gt;)
    at callAsyncCircusFn (/home/frappe/frappe-bench/apps/verenigingen/node_modules/jest-circus/build/utils.js:231:10)
    at _callCircusTest (/home/frappe/frappe-bench/apps/verenigingen/node_modules/jest-circus/build/run.js:316:40)
    at _runTest (/home/frappe/frappe-bench/apps/verenigingen/node_modules/jest-circus/build/run.js:252:3)
    at _runTestsForDescribeBlock (/home/frappe/frappe-bench/apps/verenigingen/node_modules/jest-circus/build/run.js:126:9)
    at _runTestsForDescribeBlock (/home/frappe/frappe-bench/apps/verenigingen/node_modules/jest-circus/build/run.js:121:9)
    at _runTestsForDescribeBlock (/home/frappe/frappe-bench/apps/verenigingen/node_modules/jest-circus/build/run.js:121:9)
    at run (/home/frappe/frappe-bench/apps/verenigingen/node_modules/jest-circus/build/run.js:71:3)
    at runAndTransformResultsToJestFormat (/home/frappe/frappe-bench/apps/verenigingen/node_modules/jest-circus/build/legacy-code-todo-rewrite/jestAdapterInit.js:122:21)
    at jestAdapter (/home/frappe/frappe-bench/apps/verenigingen/node_modules/jest-circus/build/legacy-code-todo-rewrite/jestAdapter.js:79:19)
    at runTestInternal (/home/frappe/frappe-bench/apps/verenigingen/node_modules/jest-runner/build/runTest.js:367:16)
    at runTest (/home/frappe/frappe-bench/apps/verenigingen/node_modules/jest-runner/build/runTest.js:444:34)</failure>
    </testcase>
    <testcase classname="Real Member Controller Address and Contact Management should render address and contact for saved records" name="Real Member Controller Address and Contact Management should render address and contact for saved records" time="0.002">
      <failure>Error: expect(jest.fn()).toHaveBeenCalledWith(...expected)

Expected: {&quot;add_custom_button&quot;: [Function mockConstructor], &quot;cancel&quot;: [Function mockConstructor], &quot;clear_custom_buttons&quot;: [Function mockConstructor], &quot;dashboard&quot;: {&quot;add_comment&quot;: [Function mockConstructor], &quot;add_indicator&quot;: [Function mockConstructor], &quot;hide&quot;: [Function mockConstructor], &quot;set_headline&quot;: [Function mockConstructor], &quot;show&quot;: [Function mockConstructor]}, &quot;doc&quot;: {&quot;__islocal&quot;: 0, &quot;city&quot;: &quot;Amsterdam&quot;, &quot;country&quot;: &quot;Netherlands&quot;, &quot;current_dues_schedule&quot;: &quot;&quot;, &quot;doctype&quot;: &quot;Member&quot;, &quot;email&quot;: &quot;jan.van.der.berg@example.org&quot;, &quot;first_name&quot;: &quot;Jan&quot;, &quot;full_name&quot;: &quot;Jan van der Berg&quot;, &quot;iban&quot;: &quot;NL91ABNA0417164300&quot;, &quot;last_name&quot;: &quot;Berg&quot;, &quot;member_since&quot;: &quot;2024-01-15&quot;, &quot;membership_type&quot;: &quot;Regular&quot;, &quot;name&quot;: &quot;MEM-2024-001&quot;, &quot;phone&quot;: &quot;+31612345678&quot;, &quot;postal_code&quot;: &quot;1012 AB&quot;, &quot;status&quot;: &quot;Active&quot;, &quot;tussenvoegsel&quot;: &quot;van der&quot;}, &quot;fields_dict&quot;: {&quot;address_html&quot;: {&quot;wrapper&quot;: {&quot;addClass&quot;: [Function mockConstructor], &quot;appendTo&quot;: [Function mockConstructor], &quot;click&quot;: [Function mockConstructor], &quot;css&quot;: [Function mockConstructor], &quot;find&quot;: [Function mockConstructor], &quot;html&quot;: [Function mockConstructor], &quot;on&quot;: [Function mockConstructor], &quot;remove&quot;: [Function mockConstructor], &quot;removeClass&quot;: [Function mockConstructor], &quot;text&quot;: [Function mockConstructor], &quot;val&quot;: [Function mockConstructor]}}, &quot;address_section&quot;: {&quot;wrapper&quot;: {&quot;addClass&quot;: [Function mockConstructor], &quot;appendTo&quot;: [Function mockConstructor], &quot;click&quot;: [Function mockConstructor], &quot;css&quot;: [Function mockConstructor], &quot;find&quot;: [Function mockConstructor], &quot;html&quot;: [Function mockConstructor], &quot;on&quot;: [Function mockConstructor], &quot;remove&quot;: [Function mockConstructor], &quot;removeClass&quot;: [Function mockConstructor], &quot;text&quot;: [Function mockConstructor], &quot;val&quot;: [Function mockConstructor]}}, &quot;contact_html&quot;: {&quot;wrapper&quot;: {&quot;addClass&quot;: [Function mockConstructor], &quot;appendTo&quot;: [Function mockConstructor], &quot;click&quot;: [Function mockConstructor], &quot;css&quot;: [Function mockConstructor], &quot;find&quot;: [Function mockConstructor], &quot;html&quot;: [Function mockConstructor], &quot;on&quot;: [Function mockConstructor], &quot;remove&quot;: [Function mockConstructor], &quot;removeClass&quot;: [Function mockConstructor], &quot;text&quot;: [Function mockConstructor], &quot;val&quot;: [Function mockConstructor]}}, &quot;email&quot;: {&quot;df&quot;: {&quot;fieldtype&quot;: &quot;Data&quot;}}, &quot;first_name&quot;: {&quot;df&quot;: {&quot;fieldtype&quot;: &quot;Data&quot;}}, &quot;full_name&quot;: {&quot;df&quot;: {&quot;fieldtype&quot;: &quot;Data&quot;}}, &quot;iban&quot;: {&quot;df&quot;: {&quot;fieldtype&quot;: &quot;Data&quot;}}, &quot;last_name&quot;: {&quot;df&quot;: {&quot;fieldtype&quot;: &quot;Data&quot;}}, &quot;membership_type&quot;: {&quot;df&quot;: {&quot;fieldtype&quot;: &quot;Select&quot;}}, &quot;phone&quot;: {&quot;df&quot;: {&quot;fieldtype&quot;: &quot;Data&quot;}}, &quot;status&quot;: {&quot;df&quot;: {&quot;fieldtype&quot;: &quot;Select&quot;}}, &quot;tussenvoegsel&quot;: {&quot;df&quot;: {&quot;fieldtype&quot;: &quot;Data&quot;}}}, &quot;get_field&quot;: [Function mockConstructor], &quot;get_value&quot;: [Function mockConstructor], &quot;is_dirty&quot;: [Function mockConstructor], &quot;is_new&quot;: [Function is_new], &quot;page&quot;: {&quot;add_action_icon&quot;: [Function mockConstructor], &quot;add_inner_button&quot;: [Function mockConstructor], &quot;add_menu_item&quot;: [Function mockConstructor], &quot;clear_indicator&quot;: [Function mockConstructor], &quot;clear_inner_toolbar&quot;: [Function mockConstructor], &quot;clear_menu&quot;: [Function mockConstructor], &quot;set_indicator&quot;: [Function mockConstructor], &quot;set_primary_action&quot;: [Function mockConstructor], &quot;set_title&quot;: [Function mockConstructor]}, &quot;perm&quot;: [{&quot;create&quot;: 1, &quot;delete&quot;: 1, &quot;read&quot;: 1, &quot;write&quot;: 1}, {&quot;create&quot;: 1, &quot;delete&quot;: 1, &quot;read&quot;: 1, &quot;write&quot;: 1}], &quot;refresh&quot;: [Function mockConstructor], &quot;refresh_field&quot;: [Function mockConstructor], &quot;refresh_fields&quot;: [Function mockConstructor], &quot;reload_doc&quot;: [Function mockConstructor], &quot;remove_custom_button&quot;: [Function mockConstructor], &quot;save&quot;: [Function mockConstructor], &quot;set_df_property&quot;: [Function mockConstructor], &quot;set_intro&quot;: [Function mockConstructor], &quot;set_query&quot;: [Function mockConstructor], &quot;set_value&quot;: [Function mockConstructor], &quot;submit&quot;: [Function mockConstructor], &quot;timeline&quot;: {&quot;add&quot;: [Function mockConstructor], &quot;refresh&quot;: [Function mockConstructor]}, &quot;toggle_display&quot;: [Function mockConstructor], &quot;toggle_enable&quot;: [Function mockConstructor], &quot;toggle_reqd&quot;: [Function mockConstructor], &quot;trigger&quot;: [Function mockConstructor]}

Number of calls: 0
    at Object.toHaveBeenCalledWith (/home/frappe/frappe-bench/apps/verenigingen/verenigingen/tests/unit/doctype/test_member_controller.test.js:225:71)
    at Promise.then.completed (/home/frappe/frappe-bench/apps/verenigingen/node_modules/jest-circus/build/utils.js:298:28)
    at new Promise (&lt;anonymous&gt;)
    at callAsyncCircusFn (/home/frappe/frappe-bench/apps/verenigingen/node_modules/jest-circus/build/utils.js:231:10)
    at _callCircusTest (/home/frappe/frappe-bench/apps/verenigingen/node_modules/jest-circus/build/run.js:316:40)
    at _runTest (/home/frappe/frappe-bench/apps/verenigingen/node_modules/jest-circus/build/run.js:252:3)
    at _runTestsForDescribeBlock (/home/frappe/frappe-bench/apps/verenigingen/node_modules/jest-circus/build/run.js:126:9)
    at _runTestsForDescribeBlock (/home/frappe/frappe-bench/apps/verenigingen/node_modules/jest-circus/build/run.js:121:9)
    at _runTestsForDescribeBlock (/home/frappe/frappe-bench/apps/verenigingen/node_modules/jest-circus/build/run.js:121:9)
    at run (/home/frappe/frappe-bench/apps/verenigingen/node_modules/jest-circus/build/run.js:71:3)
    at runAndTransformResultsToJestFormat (/home/frappe/frappe-bench/apps/verenigingen/node_modules/jest-circus/build/legacy-code-todo-rewrite/jestAdapterInit.js:122:21)
    at jestAdapter (/home/frappe/frappe-bench/apps/verenigingen/node_modules/jest-circus/build/legacy-code-todo-rewrite/jestAdapter.js:79:19)
    at runTestInternal (/home/frappe/frappe-bench/apps/verenigingen/node_modules/jest-runner/build/runTest.js:367:16)
    at runTest (/home/frappe/frappe-bench/apps/verenigingen/node_modules/jest-runner/build/runTest.js:444:34)</failure>
    </testcase>
    <testcase classname="Real Member Controller Address and Contact Management should clear address and contact for new records" name="Real Member Controller Address and Contact Management should clear address and contact for new records" time="0.001">
      <failure>Error: expect(jest.fn()).toHaveBeenCalledWith(...expected)

Expected: {&quot;add_custom_button&quot;: [Function mockConstructor], &quot;cancel&quot;: [Function mockConstructor], &quot;clear_custom_buttons&quot;: [Function mockConstructor], &quot;dashboard&quot;: {&quot;add_comment&quot;: [Function mockConstructor], &quot;add_indicator&quot;: [Function mockConstructor], &quot;hide&quot;: [Function mockConstructor], &quot;set_headline&quot;: [Function mockConstructor], &quot;show&quot;: [Function mockConstructor]}, &quot;doc&quot;: {&quot;__islocal&quot;: 1, &quot;city&quot;: &quot;Amsterdam&quot;, &quot;country&quot;: &quot;Netherlands&quot;, &quot;doctype&quot;: &quot;Member&quot;, &quot;email&quot;: &quot;jan.van.der.berg@example.org&quot;, &quot;first_name&quot;: &quot;Jan&quot;, &quot;full_name&quot;: &quot;Jan van der Berg&quot;, &quot;iban&quot;: &quot;NL91ABNA0417164300&quot;, &quot;last_name&quot;: &quot;Berg&quot;, &quot;member_since&quot;: &quot;2024-01-15&quot;, &quot;membership_type&quot;: &quot;Regular&quot;, &quot;name&quot;: &quot;MEM-2024-001&quot;, &quot;phone&quot;: &quot;+31612345678&quot;, &quot;postal_code&quot;: &quot;1012 AB&quot;, &quot;status&quot;: &quot;Active&quot;, &quot;tussenvoegsel&quot;: &quot;van der&quot;}, &quot;fields_dict&quot;: {&quot;address_html&quot;: {&quot;wrapper&quot;: {&quot;addClass&quot;: [Function mockConstructor], &quot;appendTo&quot;: [Function mockConstructor], &quot;click&quot;: [Function mockConstructor], &quot;css&quot;: [Function mockConstructor], &quot;find&quot;: [Function mockConstructor], &quot;html&quot;: [Function mockConstructor], &quot;on&quot;: [Function mockConstructor], &quot;remove&quot;: [Function mockConstructor], &quot;removeClass&quot;: [Function mockConstructor], &quot;text&quot;: [Function mockConstructor], &quot;val&quot;: [Function mockConstructor]}}, &quot;address_section&quot;: {&quot;wrapper&quot;: {&quot;addClass&quot;: [Function mockConstructor], &quot;appendTo&quot;: [Function mockConstructor], &quot;click&quot;: [Function mockConstructor], &quot;css&quot;: [Function mockConstructor], &quot;find&quot;: [Function mockConstructor], &quot;html&quot;: [Function mockConstructor], &quot;on&quot;: [Function mockConstructor], &quot;remove&quot;: [Function mockConstructor], &quot;removeClass&quot;: [Function mockConstructor], &quot;text&quot;: [Function mockConstructor], &quot;val&quot;: [Function mockConstructor]}}, &quot;contact_html&quot;: {&quot;wrapper&quot;: {&quot;addClass&quot;: [Function mockConstructor], &quot;appendTo&quot;: [Function mockConstructor], &quot;click&quot;: [Function mockConstructor], &quot;css&quot;: [Function mockConstructor], &quot;find&quot;: [Function mockConstructor], &quot;html&quot;: [Function mockConstructor], &quot;on&quot;: [Function mockConstructor], &quot;remove&quot;: [Function mockConstructor], &quot;removeClass&quot;: [Function mockConstructor], &quot;text&quot;: [Function mockConstructor], &quot;val&quot;: [Function mockConstructor]}}, &quot;email&quot;: {&quot;df&quot;: {&quot;fieldtype&quot;: &quot;Data&quot;}}, &quot;first_name&quot;: {&quot;df&quot;: {&quot;fieldtype&quot;: &quot;Data&quot;}}, &quot;full_name&quot;: {&quot;df&quot;: {&quot;fieldtype&quot;: &quot;Data&quot;}}, &quot;iban&quot;: {&quot;df&quot;: {&quot;fieldtype&quot;: &quot;Data&quot;}}, &quot;last_name&quot;: {&quot;df&quot;: {&quot;fieldtype&quot;: &quot;Data&quot;}}, &quot;membership_type&quot;: {&quot;df&quot;: {&quot;fieldtype&quot;: &quot;Select&quot;}}, &quot;phone&quot;: {&quot;df&quot;: {&quot;fieldtype&quot;: &quot;Data&quot;}}, &quot;status&quot;: {&quot;df&quot;: {&quot;fieldtype&quot;: &quot;Select&quot;}}, &quot;tussenvoegsel&quot;: {&quot;df&quot;: {&quot;fieldtype&quot;: &quot;Data&quot;}}}, &quot;get_field&quot;: [Function mockConstructor], &quot;get_value&quot;: [Function mockConstructor], &quot;is_dirty&quot;: [Function mockConstructor], &quot;is_new&quot;: [Function is_new], &quot;page&quot;: {&quot;add_action_icon&quot;: [Function mockConstructor], &quot;add_inner_button&quot;: [Function mockConstructor], &quot;add_menu_item&quot;: [Function mockConstructor], &quot;clear_indicator&quot;: [Function mockConstructor], &quot;clear_inner_toolbar&quot;: [Function mockConstructor], &quot;clear_menu&quot;: [Function mockConstructor], &quot;set_indicator&quot;: [Function mockConstructor], &quot;set_primary_action&quot;: [Function mockConstructor], &quot;set_title&quot;: [Function mockConstructor]}, &quot;perm&quot;: [{&quot;create&quot;: 1, &quot;delete&quot;: 1, &quot;read&quot;: 1, &quot;write&quot;: 1}, {&quot;create&quot;: 1, &quot;delete&quot;: 1, &quot;read&quot;: 1, &quot;write&quot;: 1}], &quot;refresh&quot;: [Function mockConstructor], &quot;refresh_field&quot;: [Function mockConstructor], &quot;refresh_fields&quot;: [Function mockConstructor], &quot;reload_doc&quot;: [Function mockConstructor], &quot;remove_custom_button&quot;: [Function mockConstructor], &quot;save&quot;: [Function mockConstructor], &quot;set_df_property&quot;: [Function mockConstructor], &quot;set_intro&quot;: [Function mockConstructor], &quot;set_query&quot;: [Function mockConstructor], &quot;set_value&quot;: [Function mockConstructor], &quot;submit&quot;: [Function mockConstructor], &quot;timeline&quot;: {&quot;add&quot;: [Function mockConstructor], &quot;refresh&quot;: [Function mockConstructor]}, &quot;toggle_display&quot;: [Function mockConstructor], &quot;toggle_enable&quot;: [Function mockConstructor], &quot;toggle_reqd&quot;: [Function mockConstructor], &quot;trigger&quot;: [Function mockConstructor]}

Number of calls: 0
    at Object.toHaveBeenCalledWith (/home/frappe/frappe-bench/apps/verenigingen/verenigingen/tests/unit/doctype/test_member_controller.test.js:233:70)
    at Promise.then.completed (/home/frappe/frappe-bench/apps/verenigingen/node_modules/jest-circus/build/utils.js:298:28)
    at new Promise (&lt;anonymous&gt;)
    at callAsyncCircusFn (/home/frappe/frappe-bench/apps/verenigingen/node_modules/jest-circus/build/utils.js:231:10)
    at _callCircusTest (/home/frappe/frappe-bench/apps/verenigingen/node_modules/jest-circus/build/run.js:316:40)
    at _runTest (/home/frappe/frappe-bench/apps/verenigingen/node_modules/jest-circus/build/run.js:252:3)
    at _runTestsForDescribeBlock (/home/frappe/frappe-bench/apps/verenigingen/node_modules/jest-circus/build/run.js:126:9)
    at _runTestsForDescribeBlock (/home/frappe/frappe-bench/apps/verenigingen/node_modules/jest-circus/build/run.js:121:9)
    at _runTestsForDescribeBlock (/home/frappe/frappe-bench/apps/verenigingen/node_modules/jest-circus/build/run.js:121:9)
    at run (/home/frappe/frappe-bench/apps/verenigingen/node_modules/jest-circus/build/run.js:71:3)
    at runAndTransformResultsToJestFormat (/home/frappe/frappe-bench/apps/verenigingen/node_modules/jest-circus/build/legacy-code-todo-rewrite/jestAdapterInit.js:122:21)
    at jestAdapter (/home/frappe/frappe-bench/apps/verenigingen/node_modules/jest-circus/build/legacy-code-todo-rewrite/jestAdapter.js:79:19)
    at runTestInternal (/home/frappe/frappe-bench/apps/verenigingen/node_modules/jest-runner/build/runTest.js:367:16)
    at runTest (/home/frappe/frappe-bench/apps/verenigingen/node_modules/jest-runner/build/runTest.js:444:34)</failure>
    </testcase>
    <testcase classname="Real Member Controller Address and Contact Management should validate Dutch postal codes" name="Real Member Controller Address and Contact Management should validate Dutch postal codes" time="0.001">
    </testcase>
    <testcase classname="Real Member Controller Payment Integration should validate IBAN format" name="Real Member Controller Payment Integration should validate IBAN format" time="0.001">
    </testcase>
    <testcase classname="Real Member Controller Payment Integration should handle SEPA mandate association" name="Real Member Controller Payment Integration should handle SEPA mandate association" time="0.001">
    </testcase>
    <testcase classname="Real Member Controller Member Status Management should handle status transitions correctly" name="Real Member Controller Member Status Management should handle status transitions correctly" time="0.001">
    </testcase>
    <testcase classname="Real Member Controller Member Status Management should validate active members have required fields" name="Real Member Controller Member Status Management should validate active members have required fields" time="0.001">
    </testcase>
    <testcase classname="Real Member Controller Membership Management should link to current membership record" name="Real Member Controller Membership Management should link to current membership record" time="0.001">
    </testcase>
    <testcase classname="Real Member Controller Membership Management should handle membership type changes" name="Real Member Controller Membership Management should handle membership type changes" time="0.001">
    </testcase>
    <testcase classname="Real Member Controller Form Button Management should add member-specific action buttons for saved records" name="Real Member Controller Form Button Management should add member-specific action buttons for saved records" time="0.001">
    </testcase>
    <testcase classname="Real Member Controller Form Button Management should not add action buttons for new records" name="Real Member Controller Form Button Management should not add action buttons for new records" time="0.003">
    </testcase>
    <testcase classname="Real Member Controller Email and Communication should validate email format" name="Real Member Controller Email and Communication should validate email format" time="0.001">
    </testcase>
    <testcase classname="Real Member Controller Email and Communication should handle email field changes" name="Real Member Controller Email and Communication should handle email field changes" time="0.001">
    </testcase>
    <testcase classname="Real Member Controller Error Handling and Edge Cases should handle missing required fields gracefully" name="Real Member Controller Error Handling and Edge Cases should handle missing required fields gracefully" time="0.001">
    </testcase>
    <testcase classname="Real Member Controller Error Handling and Edge Cases should handle invalid data gracefully" name="Real Member Controller Error Handling and Edge Cases should handle invalid data gracefully" time="0.001">
    </testcase>
    <testcase classname="Real Member Controller Error Handling and Edge Cases should handle network errors during API calls" name="Real Member Controller Error Handling and Edge Cases should handle network errors during API calls" time="0.001">
    </testcase>
    <testcase classname="Real Member Controller Performance Considerations should not make excessive server calls during refresh" name="Real Member Controller Performance Considerations should not make excessive server calls during refresh" time="0.001">
      <failure>Error: expect(received).toBeLessThanOrEqual(expected)

Expected: &lt;= 4
Received:    11
    at Object.toBeLessThanOrEqual (/home/frappe/frappe-bench/apps/verenigingen/verenigingen/tests/unit/doctype/test_member_controller.test.js:465:32)
    at Promise.then.completed (/home/frappe/frappe-bench/apps/verenigingen/node_modules/jest-circus/build/utils.js:298:28)
    at new Promise (&lt;anonymous&gt;)
    at callAsyncCircusFn (/home/frappe/frappe-bench/apps/verenigingen/node_modules/jest-circus/build/utils.js:231:10)
    at _callCircusTest (/home/frappe/frappe-bench/apps/verenigingen/node_modules/jest-circus/build/run.js:316:40)
    at _runTest (/home/frappe/frappe-bench/apps/verenigingen/node_modules/jest-circus/build/run.js:252:3)
    at _runTestsForDescribeBlock (/home/frappe/frappe-bench/apps/verenigingen/node_modules/jest-circus/build/run.js:126:9)
    at _runTestsForDescribeBlock (/home/frappe/frappe-bench/apps/verenigingen/node_modules/jest-circus/build/run.js:121:9)
    at _runTestsForDescribeBlock (/home/frappe/frappe-bench/apps/verenigingen/node_modules/jest-circus/build/run.js:121:9)
    at run (/home/frappe/frappe-bench/apps/verenigingen/node_modules/jest-circus/build/run.js:71:3)
    at runAndTransformResultsToJestFormat (/home/frappe/frappe-bench/apps/verenigingen/node_modules/jest-circus/build/legacy-code-todo-rewrite/jestAdapterInit.js:122:21)
    at jestAdapter (/home/frappe/frappe-bench/apps/verenigingen/node_modules/jest-circus/build/legacy-code-todo-rewrite/jestAdapter.js:79:19)
    at runTestInternal (/home/frappe/frappe-bench/apps/verenigingen/node_modules/jest-runner/build/runTest.js:367:16)
    at runTest (/home/frappe/frappe-bench/apps/verenigingen/node_modules/jest-runner/build/runTest.js:444:34)</failure>
    </testcase>
    <testcase classname="Real Member Controller Performance Considerations should handle member data efficiently" name="Real Member Controller Performance Considerations should handle member data efficiently" time="0.001">
    </testcase>
    <testcase classname="Real Member Controller Integration with Association System should set dynamic link for member record" name="Real Member Controller Integration with Association System should set dynamic link for member record" time="0.001">
      <failure>Error: expect(received).toEqual(expected) // deep equality

Expected: {&quot;doc&quot;: {&quot;__islocal&quot;: 0, &quot;city&quot;: &quot;Amsterdam&quot;, &quot;country&quot;: &quot;Netherlands&quot;, &quot;doctype&quot;: &quot;Member&quot;, &quot;email&quot;: &quot;jan.van.der.berg@example.org&quot;, &quot;first_name&quot;: &quot;Jan&quot;, &quot;full_name&quot;: &quot;Jan van der Berg&quot;, &quot;iban&quot;: &quot;NL91ABNA0417164300&quot;, &quot;last_name&quot;: &quot;Berg&quot;, &quot;member_since&quot;: &quot;2024-01-15&quot;, &quot;membership_type&quot;: &quot;Regular&quot;, &quot;name&quot;: &quot;MEM-2024-001&quot;, &quot;phone&quot;: &quot;+31612345678&quot;, &quot;postal_code&quot;: &quot;1012 AB&quot;, &quot;status&quot;: &quot;Active&quot;, &quot;tussenvoegsel&quot;: &quot;van der&quot;}, &quot;doctype&quot;: &quot;Member&quot;, &quot;fieldname&quot;: &quot;name&quot;}
Received: null
    at Object.toEqual (/home/frappe/frappe-bench/apps/verenigingen/verenigingen/tests/unit/doctype/test_member_controller.test.js:485:48)
    at Promise.then.completed (/home/frappe/frappe-bench/apps/verenigingen/node_modules/jest-circus/build/utils.js:298:28)
    at new Promise (&lt;anonymous&gt;)
    at callAsyncCircusFn (/home/frappe/frappe-bench/apps/verenigingen/node_modules/jest-circus/build/utils.js:231:10)
    at _callCircusTest (/home/frappe/frappe-bench/apps/verenigingen/node_modules/jest-circus/build/run.js:316:40)
    at _runTest (/home/frappe/frappe-bench/apps/verenigingen/node_modules/jest-circus/build/run.js:252:3)
    at _runTestsForDescribeBlock (/home/frappe/frappe-bench/apps/verenigingen/node_modules/jest-circus/build/run.js:126:9)
    at _runTestsForDescribeBlock (/home/frappe/frappe-bench/apps/verenigingen/node_modules/jest-circus/build/run.js:121:9)
    at _runTestsForDescribeBlock (/home/frappe/frappe-bench/apps/verenigingen/node_modules/jest-circus/build/run.js:121:9)
    at run (/home/frappe/frappe-bench/apps/verenigingen/node_modules/jest-circus/build/run.js:71:3)
    at runAndTransformResultsToJestFormat (/home/frappe/frappe-bench/apps/verenigingen/node_modules/jest-circus/build/legacy-code-todo-rewrite/jestAdapterInit.js:122:21)
    at jestAdapter (/home/frappe/frappe-bench/apps/verenigingen/node_modules/jest-circus/build/legacy-code-todo-rewrite/jestAdapter.js:79:19)
    at runTestInternal (/home/frappe/frappe-bench/apps/verenigingen/node_modules/jest-runner/build/runTest.js:367:16)
    at runTest (/home/frappe/frappe-bench/apps/verenigingen/node_modules/jest-runner/build/runTest.js:444:34)</failure>
    </testcase>
    <testcase classname="Real Member Controller Integration with Association System should integrate with volunteer system" name="Real Member Controller Integration with Association System should integrate with volunteer system" time="0.009">
    </testcase>
    <testcase classname="Real Member Controller Integration with Association System should handle chapter membership" name="Real Member Controller Integration with Association System should handle chapter membership" time="0">
    </testcase>
    <testcase classname="Real Member Controller Data Consistency and Validation should maintain data consistency during form operations" name="Real Member Controller Data Consistency and Validation should maintain data consistency during form operations" time="0.001">
    </testcase>
    <testcase classname="Real Member Controller Data Consistency and Validation should validate member number format" name="Real Member Controller Data Consistency and Validation should validate member number format" time="0">
    </testcase>
  </testsuite>
  <testsuite name="Validation Service - Standalone Utilities" errors="0" failures="0" skipped="0" timestamp="2025-08-20T06:41:00" time="0.09" tests="40">
    <testcase classname="Validation Service - Standalone Utilities Field Label Utilities Standard Member Fields should return correct label for first name" name="Validation Service - Standalone Utilities Field Label Utilities Standard Member Fields should return correct label for first name" time="0.001">
    </testcase>
    <testcase classname="Validation Service - Standalone Utilities Field Label Utilities Standard Member Fields should return correct label for last name" name="Validation Service - Standalone Utilities Field Label Utilities Standard Member Fields should return correct label for last name" time="0">
    </testcase>
    <testcase classname="Validation Service - Standalone Utilities Field Label Utilities Standard Member Fields should return correct label for email" name="Validation Service - Standalone Utilities Field Label Utilities Standard Member Fields should return correct label for email" time="0">
    </testcase>
    <testcase classname="Validation Service - Standalone Utilities Field Label Utilities Standard Member Fields should return correct label for birth date" name="Validation Service - Standalone Utilities Field Label Utilities Standard Member Fields should return correct label for birth date" time="0.001">
    </testcase>
    <testcase classname="Validation Service - Standalone Utilities Field Label Utilities Standard Member Fields should return correct label for postal code" name="Validation Service - Standalone Utilities Field Label Utilities Standard Member Fields should return correct label for postal code" time="0">
    </testcase>
    <testcase classname="Validation Service - Standalone Utilities Field Label Utilities Standard Member Fields should return correct label for phone number" name="Validation Service - Standalone Utilities Field Label Utilities Standard Member Fields should return correct label for phone number" time="0">
    </testcase>
    <testcase classname="Validation Service - Standalone Utilities Field Label Utilities Address Fields should return correct label for address" name="Validation Service - Standalone Utilities Field Label Utilities Address Fields should return correct label for address" time="0">
    </testcase>
    <testcase classname="Validation Service - Standalone Utilities Field Label Utilities Address Fields should return correct label for city" name="Validation Service - Standalone Utilities Field Label Utilities Address Fields should return correct label for city" time="0">
    </testcase>
    <testcase classname="Validation Service - Standalone Utilities Field Label Utilities Address Fields should return correct label for country" name="Validation Service - Standalone Utilities Field Label Utilities Address Fields should return correct label for country" time="0">
    </testcase>
    <testcase classname="Validation Service - Standalone Utilities Field Label Utilities Unknown Fields should return field name for unknown field" name="Validation Service - Standalone Utilities Field Label Utilities Unknown Fields should return field name for unknown field" time="0">
    </testcase>
    <testcase classname="Validation Service - Standalone Utilities Field Label Utilities Unknown Fields should return field name for custom field" name="Validation Service - Standalone Utilities Field Label Utilities Unknown Fields should return field name for custom field" time="0">
    </testcase>
    <testcase classname="Validation Service - Standalone Utilities Error Message Utilities Standard Pattern Errors should return helpful email error message" name="Validation Service - Standalone Utilities Error Message Utilities Standard Pattern Errors should return helpful email error message" time="0">
    </testcase>
    <testcase classname="Validation Service - Standalone Utilities Error Message Utilities Standard Pattern Errors should return helpful first name error message" name="Validation Service - Standalone Utilities Error Message Utilities Standard Pattern Errors should return helpful first name error message" time="0">
    </testcase>
    <testcase classname="Validation Service - Standalone Utilities Error Message Utilities Standard Pattern Errors should return helpful last name error message" name="Validation Service - Standalone Utilities Error Message Utilities Standard Pattern Errors should return helpful last name error message" time="0.001">
    </testcase>
    <testcase classname="Validation Service - Standalone Utilities Error Message Utilities Standard Pattern Errors should return helpful phone error message" name="Validation Service - Standalone Utilities Error Message Utilities Standard Pattern Errors should return helpful phone error message" time="0">
    </testcase>
    <testcase classname="Validation Service - Standalone Utilities Error Message Utilities Standard Pattern Errors should return helpful city error message" name="Validation Service - Standalone Utilities Error Message Utilities Standard Pattern Errors should return helpful city error message" time="0">
    </testcase>
    <testcase classname="Validation Service - Standalone Utilities Error Message Utilities Generic Error Messages should generate generic message for unknown field" name="Validation Service - Standalone Utilities Error Message Utilities Generic Error Messages should generate generic message for unknown field" time="0.001">
    </testcase>
    <testcase classname="Validation Service - Standalone Utilities Error Message Utilities Generic Error Messages should generate generic message for custom field" name="Validation Service - Standalone Utilities Error Message Utilities Generic Error Messages should generate generic message for custom field" time="0">
    </testcase>
    <testcase classname="Validation Service - Standalone Utilities Step Field Mapping Member Application Steps should return personal info fields for step 1" name="Validation Service - Standalone Utilities Step Field Mapping Member Application Steps should return personal info fields for step 1" time="0">
    </testcase>
    <testcase classname="Validation Service - Standalone Utilities Step Field Mapping Member Application Steps should return address fields for step 2" name="Validation Service - Standalone Utilities Step Field Mapping Member Application Steps should return address fields for step 2" time="0">
    </testcase>
    <testcase classname="Validation Service - Standalone Utilities Step Field Mapping Member Application Steps should return empty array for membership step (step 3)" name="Validation Service - Standalone Utilities Step Field Mapping Member Application Steps should return empty array for membership step (step 3)" time="0">
    </testcase>
    <testcase classname="Validation Service - Standalone Utilities Step Field Mapping Member Application Steps should return empty array for volunteer step (step 4)" name="Validation Service - Standalone Utilities Step Field Mapping Member Application Steps should return empty array for volunteer step (step 4)" time="0">
    </testcase>
    <testcase classname="Validation Service - Standalone Utilities Step Field Mapping Member Application Steps should return empty array for payment step (step 5)" name="Validation Service - Standalone Utilities Step Field Mapping Member Application Steps should return empty array for payment step (step 5)" time="0.001">
    </testcase>
    <testcase classname="Validation Service - Standalone Utilities Step Field Mapping Invalid Steps should return empty array for step 0" name="Validation Service - Standalone Utilities Step Field Mapping Invalid Steps should return empty array for step 0" time="0">
    </testcase>
    <testcase classname="Validation Service - Standalone Utilities Step Field Mapping Invalid Steps should return empty array for step 6" name="Validation Service - Standalone Utilities Step Field Mapping Invalid Steps should return empty array for step 6" time="0">
    </testcase>
    <testcase classname="Validation Service - Standalone Utilities Step Field Mapping Invalid Steps should return empty array for negative step" name="Validation Service - Standalone Utilities Step Field Mapping Invalid Steps should return empty array for negative step" time="0.001">
    </testcase>
    <testcase classname="Validation Service - Standalone Utilities Validation Summary Generator All Valid Results should generate correct summary for all valid fields" name="Validation Service - Standalone Utilities Validation Summary Generator All Valid Results should generate correct summary for all valid fields" time="0">
    </testcase>
    <testcase classname="Validation Service - Standalone Utilities Validation Summary Generator Mixed Valid/Invalid Results should generate correct summary for mixed validation results" name="Validation Service - Standalone Utilities Validation Summary Generator Mixed Valid/Invalid Results should generate correct summary for mixed validation results" time="0">
    </testcase>
    <testcase classname="Validation Service - Standalone Utilities Validation Summary Generator Results with Warnings should count warnings for valid fields" name="Validation Service - Standalone Utilities Validation Summary Generator Results with Warnings should count warnings for valid fields" time="0.001">
    </testcase>
    <testcase classname="Validation Service - Standalone Utilities Validation Summary Generator All Invalid Results should generate correct summary for all invalid fields" name="Validation Service - Standalone Utilities Validation Summary Generator All Invalid Results should generate correct summary for all invalid fields" time="0">
    </testcase>
    <testcase classname="Validation Service - Standalone Utilities Validation Summary Generator Empty Results should handle empty results object" name="Validation Service - Standalone Utilities Validation Summary Generator Empty Results should handle empty results object" time="0.001">
    </testcase>
    <testcase classname="Validation Service - Standalone Utilities Validation Summary Generator Single Field Results should handle single valid field" name="Validation Service - Standalone Utilities Validation Summary Generator Single Field Results should handle single valid field" time="0">
    </testcase>
    <testcase classname="Validation Service - Standalone Utilities Validation Summary Generator Single Field Results should handle single invalid field" name="Validation Service - Standalone Utilities Validation Summary Generator Single Field Results should handle single invalid field" time="0.001">
    </testcase>
    <testcase classname="Validation Service - Standalone Utilities Validation Rules Access Rule Structure Validation should have email validation rule" name="Validation Service - Standalone Utilities Validation Rules Access Rule Structure Validation should have email validation rule" time="0.001">
    </testcase>
    <testcase classname="Validation Service - Standalone Utilities Validation Rules Access Rule Structure Validation should have name validation rules" name="Validation Service - Standalone Utilities Validation Rules Access Rule Structure Validation should have name validation rules" time="0">
    </testcase>
    <testcase classname="Validation Service - Standalone Utilities Validation Rules Access Rule Structure Validation should have city validation rules" name="Validation Service - Standalone Utilities Validation Rules Access Rule Structure Validation should have city validation rules" time="0.001">
    </testcase>
    <testcase classname="Validation Service - Standalone Utilities Validation Rules Access Rule Structure Validation should have optional phone validation rule" name="Validation Service - Standalone Utilities Validation Rules Access Rule Structure Validation should have optional phone validation rule" time="0">
    </testcase>
    <testcase classname="Validation Service - Standalone Utilities Validation Rules Access Pattern Validation Rules should validate Dutch names with pattern" name="Validation Service - Standalone Utilities Validation Rules Access Pattern Validation Rules should validate Dutch names with pattern" time="0.001">
    </testcase>
    <testcase classname="Validation Service - Standalone Utilities Validation Rules Access Pattern Validation Rules should validate email addresses with pattern" name="Validation Service - Standalone Utilities Validation Rules Access Pattern Validation Rules should validate email addresses with pattern" time="0.002">
    </testcase>
    <testcase classname="Validation Service - Standalone Utilities Validation Rules Access Pattern Validation Rules should validate phone numbers with pattern" name="Validation Service - Standalone Utilities Validation Rules Access Pattern Validation Rules should validate phone numbers with pattern" time="0.002">
    </testcase>
  </testsuite>
  <testsuite name="SEPA Mandate Controller (Refactored)" errors="0" failures="0" skipped="0" timestamp="2025-08-20T06:41:01" time="0.204" tests="21">
    <testcase classname="SEPA Mandate Controller (Refactored) Standard Controller Tests should load controller and handlers" name="SEPA Mandate Controller (Refactored) Standard Controller Tests should load controller and handlers" time="0.002">
    </testcase>
    <testcase classname="SEPA Mandate Controller (Refactored) Standard Controller Tests should execute refresh handler without errors" name="SEPA Mandate Controller (Refactored) Standard Controller Tests should execute refresh handler without errors" time="0.001">
    </testcase>
    <testcase classname="SEPA Mandate Controller (Refactored) Standard Controller Tests should not make excessive server calls during refresh" name="SEPA Mandate Controller (Refactored) Standard Controller Tests should not make excessive server calls during refresh" time="0">
    </testcase>
    <testcase classname="SEPA Mandate Controller (Refactored) Standard Controller Tests should execute quickly" name="SEPA Mandate Controller (Refactored) Standard Controller Tests should execute quickly" time="0.001">
    </testcase>
    <testcase classname="SEPA Mandate Controller (Refactored) Standard Controller Tests should handle network errors gracefully" name="SEPA Mandate Controller (Refactored) Standard Controller Tests should handle network errors gracefully" time="0.006">
    </testcase>
    <testcase classname="SEPA Mandate Controller (Refactored) SEPA Banking Compliance should validate Dutch IBAN correctly" name="SEPA Mandate Controller (Refactored) SEPA Banking Compliance should validate Dutch IBAN correctly" time="0.001">
    </testcase>
    <testcase classname="SEPA Mandate Controller (Refactored) SEPA Banking Compliance should validate BIC codes correctly" name="SEPA Mandate Controller (Refactored) SEPA Banking Compliance should validate BIC codes correctly" time="0.001">
    </testcase>
    <testcase classname="SEPA Mandate Controller (Refactored) SEPA Banking Compliance should handle European banking compliance" name="SEPA Mandate Controller (Refactored) SEPA Banking Compliance should handle European banking compliance" time="0.001">
    </testcase>
    <testcase classname="SEPA Mandate Controller (Refactored) SEPA Banking Compliance should handle IBAN normalization" name="SEPA Mandate Controller (Refactored) SEPA Banking Compliance should handle IBAN normalization" time="0.002">
    </testcase>
    <testcase classname="SEPA Mandate Controller (Refactored) SEPA Banking Compliance should support SEPA zone countries" name="SEPA Mandate Controller (Refactored) SEPA Banking Compliance should support SEPA zone countries" time="0.001">
    </testcase>
    <testcase classname="SEPA Mandate Controller (Refactored) Mandate Status Workflow should handle mandate status transitions" name="SEPA Mandate Controller (Refactored) Mandate Status Workflow should handle mandate status transitions" time="0.001">
    </testcase>
    <testcase classname="SEPA Mandate Controller (Refactored) Mandate Status Workflow should validate mandate authorization" name="SEPA Mandate Controller (Refactored) Mandate Status Workflow should validate mandate authorization" time="0.003">
    </testcase>
    <testcase classname="SEPA Mandate Controller (Refactored) Mandate Status Workflow should handle status field changes" name="SEPA Mandate Controller (Refactored) Mandate Status Workflow should handle status field changes" time="0.004">
    </testcase>
    <testcase classname="SEPA Mandate Controller (Refactored) Member Integration should fetch member banking details when member is selected" name="SEPA Mandate Controller (Refactored) Member Integration should fetch member banking details when member is selected" time="0.001">
    </testcase>
    <testcase classname="SEPA Mandate Controller (Refactored) Member Integration should validate member has consent for SEPA mandate" name="SEPA Mandate Controller (Refactored) Member Integration should validate member has consent for SEPA mandate" time="0.003">
    </testcase>
    <testcase classname="SEPA Mandate Controller (Refactored) Direct Debit Integration should link mandate to direct debit batches" name="SEPA Mandate Controller (Refactored) Direct Debit Integration should link mandate to direct debit batches" time="0">
    </testcase>
    <testcase classname="SEPA Mandate Controller (Refactored) Direct Debit Integration should prevent debit processing for inactive mandates" name="SEPA Mandate Controller (Refactored) Direct Debit Integration should prevent debit processing for inactive mandates" time="0.001">
    </testcase>
    <testcase classname="SEPA Mandate Controller (Refactored) Direct Debit Integration should handle mandate types correctly" name="SEPA Mandate Controller (Refactored) Direct Debit Integration should handle mandate types correctly" time="0.001">
    </testcase>
    <testcase classname="SEPA Mandate Controller (Refactored) Error Handling and Edge Cases should handle missing member gracefully" name="SEPA Mandate Controller (Refactored) Error Handling and Edge Cases should handle missing member gracefully" time="0.001">
    </testcase>
    <testcase classname="SEPA Mandate Controller (Refactored) Error Handling and Edge Cases should handle empty IBAN field" name="SEPA Mandate Controller (Refactored) Error Handling and Edge Cases should handle empty IBAN field" time="0.001">
    </testcase>
    <testcase classname="SEPA Mandate Controller (Refactored) Error Handling and Edge Cases should validate required fields for active mandates" name="SEPA Mandate Controller (Refactored) Error Handling and Edge Cases should validate required fields for active mandates" time="0.001">
    </testcase>
  </testsuite>
  <testsuite name="Direct Debit Batch Controller (Refactored)" errors="0" failures="0" skipped="0" timestamp="2025-08-20T06:41:01" time="0.09" tests="21">
    <testcase classname="Direct Debit Batch Controller (Refactored) Standard Controller Tests should load controller and handlers" name="Direct Debit Batch Controller (Refactored) Standard Controller Tests should load controller and handlers" time="0.01">
    </testcase>
    <testcase classname="Direct Debit Batch Controller (Refactored) Standard Controller Tests should execute refresh handler without errors" name="Direct Debit Batch Controller (Refactored) Standard Controller Tests should execute refresh handler without errors" time="0.001">
    </testcase>
    <testcase classname="Direct Debit Batch Controller (Refactored) Standard Controller Tests should not make excessive server calls during refresh" name="Direct Debit Batch Controller (Refactored) Standard Controller Tests should not make excessive server calls during refresh" time="0.003">
    </testcase>
    <testcase classname="Direct Debit Batch Controller (Refactored) Standard Controller Tests should execute quickly" name="Direct Debit Batch Controller (Refactored) Standard Controller Tests should execute quickly" time="0.001">
    </testcase>
    <testcase classname="Direct Debit Batch Controller (Refactored) Standard Controller Tests should handle network errors gracefully" name="Direct Debit Batch Controller (Refactored) Standard Controller Tests should handle network errors gracefully" time="0.001">
    </testcase>
    <testcase classname="Direct Debit Batch Controller (Refactored) Batch Processing Workflow should handle draft batch refresh without errors" name="Direct Debit Batch Controller (Refactored) Batch Processing Workflow should handle draft batch refresh without errors" time="0.001">
    </testcase>
    <testcase classname="Direct Debit Batch Controller (Refactored) Batch Processing Workflow should handle generated batch refresh without errors" name="Direct Debit Batch Controller (Refactored) Batch Processing Workflow should handle generated batch refresh without errors" time="0.001">
    </testcase>
    <testcase classname="Direct Debit Batch Controller (Refactored) Batch Processing Workflow should handle different batch statuses" name="Direct Debit Batch Controller (Refactored) Batch Processing Workflow should handle different batch statuses" time="0.001">
    </testcase>
    <testcase classname="Direct Debit Batch Controller (Refactored) SEPA Compliance and Validation should validate collection date is in the future" name="Direct Debit Batch Controller (Refactored) SEPA Compliance and Validation should validate collection date is in the future" time="0.001">
    </testcase>
    <testcase classname="Direct Debit Batch Controller (Refactored) SEPA Compliance and Validation should validate SEPA creditor ID format" name="Direct Debit Batch Controller (Refactored) SEPA Compliance and Validation should validate SEPA creditor ID format" time="0.001">
    </testcase>
    <testcase classname="Direct Debit Batch Controller (Refactored) SEPA Compliance and Validation should calculate batch totals correctly" name="Direct Debit Batch Controller (Refactored) SEPA Compliance and Validation should calculate batch totals correctly" time="0">
    </testcase>
    <testcase classname="Direct Debit Batch Controller (Refactored) SEPA Compliance and Validation should support Dutch bank format requirements" name="Direct Debit Batch Controller (Refactored) SEPA Compliance and Validation should support Dutch bank format requirements" time="0.001">
    </testcase>
    <testcase classname="Direct Debit Batch Controller (Refactored) Mandate Integration should validate all mandates in the batch" name="Direct Debit Batch Controller (Refactored) Mandate Integration should validate all mandates in the batch" time="0">
    </testcase>
    <testcase classname="Direct Debit Batch Controller (Refactored) Mandate Integration should handle mandate validation errors" name="Direct Debit Batch Controller (Refactored) Mandate Integration should handle mandate validation errors" time="0.001">
    </testcase>
    <testcase classname="Direct Debit Batch Controller (Refactored) Bank File Generation should handle SEPA XML generation" name="Direct Debit Batch Controller (Refactored) Bank File Generation should handle SEPA XML generation" time="0">
    </testcase>
    <testcase classname="Direct Debit Batch Controller (Refactored) Bank File Generation should handle file URL references correctly" name="Direct Debit Batch Controller (Refactored) Bank File Generation should handle file URL references correctly" time="0">
    </testcase>
    <testcase classname="Direct Debit Batch Controller (Refactored) Error Handling and Recovery should handle batch processing errors gracefully" name="Direct Debit Batch Controller (Refactored) Error Handling and Recovery should handle batch processing errors gracefully" time="0">
    </testcase>
    <testcase classname="Direct Debit Batch Controller (Refactored) Error Handling and Recovery should handle empty batch gracefully" name="Direct Debit Batch Controller (Refactored) Error Handling and Recovery should handle empty batch gracefully" time="0">
    </testcase>
    <testcase classname="Direct Debit Batch Controller (Refactored) Error Handling and Recovery should validate collection date business rules" name="Direct Debit Batch Controller (Refactored) Error Handling and Recovery should validate collection date business rules" time="0.001">
    </testcase>
    <testcase classname="Direct Debit Batch Controller (Refactored) Status Workflow Management should transition through proper workflow states" name="Direct Debit Batch Controller (Refactored) Status Workflow Management should transition through proper workflow states" time="0.002">
    </testcase>
    <testcase classname="Direct Debit Batch Controller (Refactored) Status Workflow Management should prevent invalid status transitions" name="Direct Debit Batch Controller (Refactored) Status Workflow Management should prevent invalid status transitions" time="0.001">
    </testcase>
  </testsuite>
  <testsuite name="IBAN Validator - Real Banking Scenarios" errors="0" failures="0" skipped="0" timestamp="2025-08-20T06:41:01" time="0.132" tests="35">
    <testcase classname="IBAN Validator - Real Banking Scenarios Dutch Banking (Primary Member Base) Major Dutch Banks should validate ING Bank IBAN" name="IBAN Validator - Real Banking Scenarios Dutch Banking (Primary Member Base) Major Dutch Banks should validate ING Bank IBAN" time="0.001">
    </testcase>
    <testcase classname="IBAN Validator - Real Banking Scenarios Dutch Banking (Primary Member Base) Major Dutch Banks should validate ABN AMRO IBAN" name="IBAN Validator - Real Banking Scenarios Dutch Banking (Primary Member Base) Major Dutch Banks should validate ABN AMRO IBAN" time="0.001">
    </testcase>
    <testcase classname="IBAN Validator - Real Banking Scenarios Dutch Banking (Primary Member Base) Major Dutch Banks should validate Rabobank IBAN" name="IBAN Validator - Real Banking Scenarios Dutch Banking (Primary Member Base) Major Dutch Banks should validate Rabobank IBAN" time="0">
    </testcase>
    <testcase classname="IBAN Validator - Real Banking Scenarios Dutch Banking (Primary Member Base) Major Dutch Banks should validate Triodos Bank IBAN" name="IBAN Validator - Real Banking Scenarios Dutch Banking (Primary Member Base) Major Dutch Banks should validate Triodos Bank IBAN" time="0.001">
    </testcase>
    <testcase classname="IBAN Validator - Real Banking Scenarios Dutch Banking (Primary Member Base) Dutch Bank Information Extraction should extract BIC code for ING" name="IBAN Validator - Real Banking Scenarios Dutch Banking (Primary Member Base) Dutch Bank Information Extraction should extract BIC code for ING" time="0.001">
    </testcase>
    <testcase classname="IBAN Validator - Real Banking Scenarios Dutch Banking (Primary Member Base) Dutch Bank Information Extraction should extract bank name for ABN AMRO" name="IBAN Validator - Real Banking Scenarios Dutch Banking (Primary Member Base) Dutch Bank Information Extraction should extract bank name for ABN AMRO" time="0.001">
    </testcase>
    <testcase classname="IBAN Validator - Real Banking Scenarios Dutch Banking (Primary Member Base) Dutch Bank Information Extraction should extract bank name for Rabobank" name="IBAN Validator - Real Banking Scenarios Dutch Banking (Primary Member Base) Dutch Bank Information Extraction should extract bank name for Rabobank" time="0">
    </testcase>
    <testcase classname="IBAN Validator - Real Banking Scenarios Dutch Banking (Primary Member Base) Dutch Bank Information Extraction should return null for unknown Dutch bank code" name="IBAN Validator - Real Banking Scenarios Dutch Banking (Primary Member Base) Dutch Bank Information Extraction should return null for unknown Dutch bank code" time="0">
    </testcase>
    <testcase classname="IBAN Validator - Real Banking Scenarios Dutch Banking (Primary Member Base) Common Dutch IBAN Errors should reject IBAN with incorrect checksum" name="IBAN Validator - Real Banking Scenarios Dutch Banking (Primary Member Base) Common Dutch IBAN Errors should reject IBAN with incorrect checksum" time="0.003">
    </testcase>
    <testcase classname="IBAN Validator - Real Banking Scenarios Dutch Banking (Primary Member Base) Common Dutch IBAN Errors should reject IBAN with wrong length" name="IBAN Validator - Real Banking Scenarios Dutch Banking (Primary Member Base) Common Dutch IBAN Errors should reject IBAN with wrong length" time="0.003">
    </testcase>
    <testcase classname="IBAN Validator - Real Banking Scenarios Dutch Banking (Primary Member Base) Common Dutch IBAN Errors should handle IBAN with spaces correctly" name="IBAN Validator - Real Banking Scenarios Dutch Banking (Primary Member Base) Common Dutch IBAN Errors should handle IBAN with spaces correctly" time="0">
    </testcase>
    <testcase classname="IBAN Validator - Real Banking Scenarios European Banking (International Members) Major European Countries should validate German IBAN" name="IBAN Validator - Real Banking Scenarios European Banking (International Members) Major European Countries should validate German IBAN" time="0">
    </testcase>
    <testcase classname="IBAN Validator - Real Banking Scenarios European Banking (International Members) Major European Countries should validate Belgian IBAN" name="IBAN Validator - Real Banking Scenarios European Banking (International Members) Major European Countries should validate Belgian IBAN" time="0.001">
    </testcase>
    <testcase classname="IBAN Validator - Real Banking Scenarios European Banking (International Members) Major European Countries should validate French IBAN" name="IBAN Validator - Real Banking Scenarios European Banking (International Members) Major European Countries should validate French IBAN" time="0">
    </testcase>
    <testcase classname="IBAN Validator - Real Banking Scenarios European Banking (International Members) Major European Countries should validate British IBAN" name="IBAN Validator - Real Banking Scenarios European Banking (International Members) Major European Countries should validate British IBAN" time="0.004">
    </testcase>
    <testcase classname="IBAN Validator - Real Banking Scenarios European Banking (International Members) European Country Length Validation should reject German IBAN with wrong length" name="IBAN Validator - Real Banking Scenarios European Banking (International Members) European Country Length Validation should reject German IBAN with wrong length" time="0">
    </testcase>
    <testcase classname="IBAN Validator - Real Banking Scenarios European Banking (International Members) European Country Length Validation should reject Belgian IBAN with wrong length" name="IBAN Validator - Real Banking Scenarios European Banking (International Members) European Country Length Validation should reject Belgian IBAN with wrong length" time="0">
    </testcase>
    <testcase classname="IBAN Validator - Real Banking Scenarios Input Validation and Error Handling Invalid Input Types should handle empty IBAN" name="IBAN Validator - Real Banking Scenarios Input Validation and Error Handling Invalid Input Types should handle empty IBAN" time="0.001">
    </testcase>
    <testcase classname="IBAN Validator - Real Banking Scenarios Input Validation and Error Handling Invalid Input Types should handle null IBAN" name="IBAN Validator - Real Banking Scenarios Input Validation and Error Handling Invalid Input Types should handle null IBAN" time="0">
    </testcase>
    <testcase classname="IBAN Validator - Real Banking Scenarios Input Validation and Error Handling Invalid Input Types should handle undefined IBAN" name="IBAN Validator - Real Banking Scenarios Input Validation and Error Handling Invalid Input Types should handle undefined IBAN" time="0.001">
    </testcase>
    <testcase classname="IBAN Validator - Real Banking Scenarios Input Validation and Error Handling Format Validation should reject IBAN with invalid characters" name="IBAN Validator - Real Banking Scenarios Input Validation and Error Handling Format Validation should reject IBAN with invalid characters" time="0">
    </testcase>
    <testcase classname="IBAN Validator - Real Banking Scenarios Input Validation and Error Handling Format Validation should reject IBAN with incorrect country format" name="IBAN Validator - Real Banking Scenarios Input Validation and Error Handling Format Validation should reject IBAN with incorrect country format" time="0.007">
    </testcase>
    <testcase classname="IBAN Validator - Real Banking Scenarios Input Validation and Error Handling Format Validation should reject IBAN with unsupported country" name="IBAN Validator - Real Banking Scenarios Input Validation and Error Handling Format Validation should reject IBAN with unsupported country" time="0">
    </testcase>
    <testcase classname="IBAN Validator - Real Banking Scenarios Real Member Data Scenarios Member Registration Edge Cases should handle IBAN entered with mixed case" name="IBAN Validator - Real Banking Scenarios Real Member Data Scenarios Member Registration Edge Cases should handle IBAN entered with mixed case" time="0.001">
    </testcase>
    <testcase classname="IBAN Validator - Real Banking Scenarios Real Member Data Scenarios Member Registration Edge Cases should handle IBAN entered without spaces" name="IBAN Validator - Real Banking Scenarios Real Member Data Scenarios Member Registration Edge Cases should handle IBAN entered without spaces" time="0">
    </testcase>
    <testcase classname="IBAN Validator - Real Banking Scenarios Real Member Data Scenarios Member Registration Edge Cases should handle IBAN with irregular spacing" name="IBAN Validator - Real Banking Scenarios Real Member Data Scenarios Member Registration Edge Cases should handle IBAN with irregular spacing" time="0.005">
    </testcase>
    <testcase classname="IBAN Validator - Real Banking Scenarios Real Member Data Scenarios Multi-National Member Support should validate member from Germany" name="IBAN Validator - Real Banking Scenarios Real Member Data Scenarios Multi-National Member Support should validate member from Germany" time="0">
    </testcase>
    <testcase classname="IBAN Validator - Real Banking Scenarios Real Member Data Scenarios Multi-National Member Support should validate member from Belgium" name="IBAN Validator - Real Banking Scenarios Real Member Data Scenarios Multi-National Member Support should validate member from Belgium" time="0">
    </testcase>
    <testcase classname="IBAN Validator - Real Banking Scenarios Real Member Data Scenarios Multi-National Member Support should provide helpful error for Belgian member with wrong format" name="IBAN Validator - Real Banking Scenarios Real Member Data Scenarios Multi-National Member Support should provide helpful error for Belgian member with wrong format" time="0">
    </testcase>
    <testcase classname="IBAN Validator - Real Banking Scenarios Checksum Algorithm Validation Mod-97 Algorithm Edge Cases should correctly validate checksum with leading zeros" name="IBAN Validator - Real Banking Scenarios Checksum Algorithm Validation Mod-97 Algorithm Edge Cases should correctly validate checksum with leading zeros" time="0.005">
    </testcase>
    <testcase classname="IBAN Validator - Real Banking Scenarios Checksum Algorithm Validation Mod-97 Algorithm Edge Cases should handle large account numbers in checksum calculation" name="IBAN Validator - Real Banking Scenarios Checksum Algorithm Validation Mod-97 Algorithm Edge Cases should handle large account numbers in checksum calculation" time="0.001">
    </testcase>
    <testcase classname="IBAN Validator - Real Banking Scenarios Checksum Algorithm Validation Mod-97 Algorithm Edge Cases should detect single digit errors in checksum" name="IBAN Validator - Real Banking Scenarios Checksum Algorithm Validation Mod-97 Algorithm Edge Cases should detect single digit errors in checksum" time="0">
    </testcase>
    <testcase classname="IBAN Validator - Real Banking Scenarios Format Utility Functions IBAN Formatting should format clean IBAN with spaces" name="IBAN Validator - Real Banking Scenarios Format Utility Functions IBAN Formatting should format clean IBAN with spaces" time="0.003">
    </testcase>
    <testcase classname="IBAN Validator - Real Banking Scenarios Format Utility Functions IBAN Formatting should reformat already spaced IBAN" name="IBAN Validator - Real Banking Scenarios Format Utility Functions IBAN Formatting should reformat already spaced IBAN" time="0">
    </testcase>
    <testcase classname="IBAN Validator - Real Banking Scenarios Format Utility Functions IBAN Formatting should handle lowercase formatting" name="IBAN Validator - Real Banking Scenarios Format Utility Functions IBAN Formatting should handle lowercase formatting" time="0">
    </testcase>
  </testsuite>
  <testsuite name="Chapter Controller (Refactored)" errors="0" failures="0" skipped="0" timestamp="2025-08-20T06:41:01" time="0.231" tests="28">
    <testcase classname="Chapter Controller (Refactored) Standard Controller Tests should load controller and handlers" name="Chapter Controller (Refactored) Standard Controller Tests should load controller and handlers" time="0.002">
    </testcase>
    <testcase classname="Chapter Controller (Refactored) Standard Controller Tests should execute refresh handler without errors" name="Chapter Controller (Refactored) Standard Controller Tests should execute refresh handler without errors" time="0.002">
    </testcase>
    <testcase classname="Chapter Controller (Refactored) Standard Controller Tests should not make excessive server calls during refresh" name="Chapter Controller (Refactored) Standard Controller Tests should not make excessive server calls during refresh" time="0.001">
    </testcase>
    <testcase classname="Chapter Controller (Refactored) Standard Controller Tests should execute quickly" name="Chapter Controller (Refactored) Standard Controller Tests should execute quickly" time="0.001">
    </testcase>
    <testcase classname="Chapter Controller (Refactored) Standard Controller Tests should handle network errors gracefully" name="Chapter Controller (Refactored) Standard Controller Tests should handle network errors gracefully" time="0.001">
    </testcase>
    <testcase classname="Chapter Controller (Refactored) Form Lifecycle Management should handle form onload without errors" name="Chapter Controller (Refactored) Form Lifecycle Management should handle form onload without errors" time="0.001">
    </testcase>
    <testcase classname="Chapter Controller (Refactored) Form Lifecycle Management should handle form validation" name="Chapter Controller (Refactored) Form Lifecycle Management should handle form validation" time="0.001">
    </testcase>
    <testcase classname="Chapter Controller (Refactored) Form Lifecycle Management should handle before_save operations" name="Chapter Controller (Refactored) Form Lifecycle Management should handle before_save operations" time="0.001">
    </testcase>
    <testcase classname="Chapter Controller (Refactored) Form Lifecycle Management should handle after_save operations" name="Chapter Controller (Refactored) Form Lifecycle Management should handle after_save operations" time="0.001">
    </testcase>
    <testcase classname="Chapter Controller (Refactored) Board Member Management should handle chapter head changes" name="Chapter Controller (Refactored) Board Member Management should handle chapter head changes" time="0.001">
    </testcase>
    <testcase classname="Chapter Controller (Refactored) Board Member Management should manage board member grid operations" name="Chapter Controller (Refactored) Board Member Management should manage board member grid operations" time="0.001">
    </testcase>
    <testcase classname="Chapter Controller (Refactored) Board Member Management should validate board member roles" name="Chapter Controller (Refactored) Board Member Management should validate board member roles" time="0.002">
    </testcase>
    <testcase classname="Chapter Controller (Refactored) Regional Organization should handle region changes" name="Chapter Controller (Refactored) Regional Organization should handle region changes" time="0.017">
    </testcase>
    <testcase classname="Chapter Controller (Refactored) Regional Organization should validate postal code ranges" name="Chapter Controller (Refactored) Regional Organization should validate postal code ranges" time="0.001">
    </testcase>
    <testcase classname="Chapter Controller (Refactored) Regional Organization should handle postal code format validation" name="Chapter Controller (Refactored) Regional Organization should handle postal code format validation" time="0.004">
    </testcase>
    <testcase classname="Chapter Controller (Refactored) Member Assignment and Tracking should manage chapter member assignments" name="Chapter Controller (Refactored) Member Assignment and Tracking should manage chapter member assignments" time="0.003">
    </testcase>
    <testcase classname="Chapter Controller (Refactored) Member Assignment and Tracking should track member join dates" name="Chapter Controller (Refactored) Member Assignment and Tracking should track member join dates" time="0.003">
    </testcase>
    <testcase classname="Chapter Controller (Refactored) Member Assignment and Tracking should validate member status transitions" name="Chapter Controller (Refactored) Member Assignment and Tracking should validate member status transitions" time="0.001">
    </testcase>
    <testcase classname="Chapter Controller (Refactored) Publication and Visibility should handle publication status changes" name="Chapter Controller (Refactored) Publication and Visibility should handle publication status changes" time="0.003">
    </testcase>
    <testcase classname="Chapter Controller (Refactored) Publication and Visibility should manage route configuration" name="Chapter Controller (Refactored) Publication and Visibility should manage route configuration" time="0.001">
    </testcase>
    <testcase classname="Chapter Controller (Refactored) Publication and Visibility should validate route format" name="Chapter Controller (Refactored) Publication and Visibility should validate route format" time="0.006">
    </testcase>
    <testcase classname="Chapter Controller (Refactored) Address and Contact Management should handle address information" name="Chapter Controller (Refactored) Address and Contact Management should handle address information" time="0.005">
    </testcase>
    <testcase classname="Chapter Controller (Refactored) Address and Contact Management should validate Dutch address format" name="Chapter Controller (Refactored) Address and Contact Management should validate Dutch address format" time="0.009">
    </testcase>
    <testcase classname="Chapter Controller (Refactored) Address and Contact Management should manage chapter introduction content" name="Chapter Controller (Refactored) Address and Contact Management should manage chapter introduction content" time="0.001">
    </testcase>
    <testcase classname="Chapter Controller (Refactored) Cost Center Integration should handle cost center assignments" name="Chapter Controller (Refactored) Cost Center Integration should handle cost center assignments" time="0.001">
    </testcase>
    <testcase classname="Chapter Controller (Refactored) Cost Center Integration should validate cost center format" name="Chapter Controller (Refactored) Cost Center Integration should validate cost center format" time="0.005">
    </testcase>
    <testcase classname="Chapter Controller (Refactored) Status Management should handle chapter status changes" name="Chapter Controller (Refactored) Status Management should handle chapter status changes" time="0.006">
    </testcase>
    <testcase classname="Chapter Controller (Refactored) Status Management should validate status transitions" name="Chapter Controller (Refactored) Status Management should validate status transitions" time="0.001">
    </testcase>
  </testsuite>
  <testsuite name="Member Controller (Refactored)" errors="0" failures="0" skipped="0" timestamp="2025-08-20T06:41:01" time="0.124" tests="28">
    <testcase classname="Member Controller (Refactored) Standard Controller Tests should load controller and handlers" name="Member Controller (Refactored) Standard Controller Tests should load controller and handlers" time="0.009">
    </testcase>
    <testcase classname="Member Controller (Refactored) Standard Controller Tests should execute refresh handler without errors" name="Member Controller (Refactored) Standard Controller Tests should execute refresh handler without errors" time="0">
    </testcase>
    <testcase classname="Member Controller (Refactored) Standard Controller Tests should not make excessive server calls during refresh" name="Member Controller (Refactored) Standard Controller Tests should not make excessive server calls during refresh" time="0">
    </testcase>
    <testcase classname="Member Controller (Refactored) Standard Controller Tests should execute quickly" name="Member Controller (Refactored) Standard Controller Tests should execute quickly" time="0.001">
    </testcase>
    <testcase classname="Member Controller (Refactored) Standard Controller Tests should handle network errors gracefully" name="Member Controller (Refactored) Standard Controller Tests should handle network errors gracefully" time="0.001">
    </testcase>
    <testcase classname="Member Controller (Refactored) Dutch Name Processing should handle Dutch name components correctly" name="Member Controller (Refactored) Dutch Name Processing should handle Dutch name components correctly" time="0.001">
    </testcase>
    <testcase classname="Member Controller (Refactored) Dutch Name Processing should generate full name from components" name="Member Controller (Refactored) Dutch Name Processing should generate full name from components" time="0.001">
    </testcase>
    <testcase classname="Member Controller (Refactored) Dutch Name Processing should handle names without tussenvoegsel" name="Member Controller (Refactored) Dutch Name Processing should handle names without tussenvoegsel" time="0.002">
    </testcase>
    <testcase classname="Member Controller (Refactored) Payment Integration should validate IBAN format" name="Member Controller (Refactored) Payment Integration should validate IBAN format" time="0.001">
    </testcase>
    <testcase classname="Member Controller (Refactored) Payment Integration should handle SEPA mandate association" name="Member Controller (Refactored) Payment Integration should handle SEPA mandate association" time="0.002">
    </testcase>
    <testcase classname="Member Controller (Refactored) Payment Integration should handle payment method configuration" name="Member Controller (Refactored) Payment Integration should handle payment method configuration" time="0.002">
    </testcase>
    <testcase classname="Member Controller (Refactored) Address and Contact Management should toggle display for address and contact fields" name="Member Controller (Refactored) Address and Contact Management should toggle display for address and contact fields" time="0.002">
    </testcase>
    <testcase classname="Member Controller (Refactored) Address and Contact Management should handle saved records differently than new records" name="Member Controller (Refactored) Address and Contact Management should handle saved records differently than new records" time="0.001">
    </testcase>
    <testcase classname="Member Controller (Refactored) Address and Contact Management should handle new records with basic UI setup" name="Member Controller (Refactored) Address and Contact Management should handle new records with basic UI setup" time="0.001">
    </testcase>
    <testcase classname="Member Controller (Refactored) Address and Contact Management should validate Dutch postal codes" name="Member Controller (Refactored) Address and Contact Management should validate Dutch postal codes" time="0.001">
    </testcase>
    <testcase classname="Member Controller (Refactored) Member Status Management should handle membership status transitions" name="Member Controller (Refactored) Member Status Management should handle membership status transitions" time="0.002">
    </testcase>
    <testcase classname="Member Controller (Refactored) Member Status Management should handle membership types" name="Member Controller (Refactored) Member Status Management should handle membership types" time="0.003">
    </testcase>
    <testcase classname="Member Controller (Refactored) Member Status Management should validate required fields for active members" name="Member Controller (Refactored) Member Status Management should validate required fields for active members" time="0.001">
    </testcase>
    <testcase classname="Member Controller (Refactored) Member Status Management should handle status-based UI updates" name="Member Controller (Refactored) Member Status Management should handle status-based UI updates" time="0.002">
    </testcase>
    <testcase classname="Member Controller (Refactored) Membership Management should link to current membership record" name="Member Controller (Refactored) Membership Management should link to current membership record" time="0.001">
    </testcase>
    <testcase classname="Member Controller (Refactored) Membership Management should handle membership type changes" name="Member Controller (Refactored) Membership Management should handle membership type changes" time="0.001">
    </testcase>
    <testcase classname="Member Controller (Refactored) Email and Communication should validate email format" name="Member Controller (Refactored) Email and Communication should validate email format" time="0.002">
    </testcase>
    <testcase classname="Member Controller (Refactored) Email and Communication should handle email field changes" name="Member Controller (Refactored) Email and Communication should handle email field changes" time="0">
    </testcase>
    <testcase classname="Member Controller (Refactored) Integration with Association System should handle member record integration" name="Member Controller (Refactored) Integration with Association System should handle member record integration" time="0">
    </testcase>
    <testcase classname="Member Controller (Refactored) Integration with Association System should integrate with volunteer system" name="Member Controller (Refactored) Integration with Association System should integrate with volunteer system" time="0.001">
    </testcase>
    <testcase classname="Member Controller (Refactored) Integration with Association System should handle chapter membership" name="Member Controller (Refactored) Integration with Association System should handle chapter membership" time="0.001">
    </testcase>
    <testcase classname="Member Controller (Refactored) Data Consistency and Validation should maintain data consistency during form operations" name="Member Controller (Refactored) Data Consistency and Validation should maintain data consistency during form operations" time="0.001">
    </testcase>
    <testcase classname="Member Controller (Refactored) Data Consistency and Validation should validate member number format" name="Member Controller (Refactored) Data Consistency and Validation should validate member number format" time="0.001">
    </testcase>
  </testsuite>
  <testsuite name="Volunteer Controller (Refactored)" errors="0" failures="0" skipped="0" timestamp="2025-08-20T06:41:01" time="0.12" tests="16">
    <testcase classname="Volunteer Controller (Refactored) Standard Controller Tests should load controller and handlers" name="Volunteer Controller (Refactored) Standard Controller Tests should load controller and handlers" time="0.008">
    </testcase>
    <testcase classname="Volunteer Controller (Refactored) Standard Controller Tests should execute refresh handler without errors" name="Volunteer Controller (Refactored) Standard Controller Tests should execute refresh handler without errors" time="0.002">
    </testcase>
    <testcase classname="Volunteer Controller (Refactored) Standard Controller Tests should not make excessive server calls during refresh" name="Volunteer Controller (Refactored) Standard Controller Tests should not make excessive server calls during refresh" time="0.001">
    </testcase>
    <testcase classname="Volunteer Controller (Refactored) Standard Controller Tests should execute quickly" name="Volunteer Controller (Refactored) Standard Controller Tests should execute quickly" time="0.001">
    </testcase>
    <testcase classname="Volunteer Controller (Refactored) Standard Controller Tests should handle network errors gracefully" name="Volunteer Controller (Refactored) Standard Controller Tests should handle network errors gracefully" time="0.001">
    </testcase>
    <testcase classname="Volunteer Controller (Refactored) Volunteer Assignment Management should load volunteer assignments when member is set" name="Volunteer Controller (Refactored) Volunteer Assignment Management should load volunteer assignments when member is set" time="0.001">
    </testcase>
    <testcase classname="Volunteer Controller (Refactored) Volunteer Assignment Management should validate volunteer age requirements" name="Volunteer Controller (Refactored) Volunteer Assignment Management should validate volunteer age requirements" time="0.002">
    </testcase>
    <testcase classname="Volunteer Controller (Refactored) Volunteer Assignment Management should handle volunteer availability updates" name="Volunteer Controller (Refactored) Volunteer Assignment Management should handle volunteer availability updates" time="0.001">
    </testcase>
    <testcase classname="Volunteer Controller (Refactored) Skills and Expertise Management should handle skills validation" name="Volunteer Controller (Refactored) Skills and Expertise Management should handle skills validation" time="0.003">
    </testcase>
    <testcase classname="Volunteer Controller (Refactored) Skills and Expertise Management should track volunteer experience levels" name="Volunteer Controller (Refactored) Skills and Expertise Management should track volunteer experience levels" time="0.002">
    </testcase>
    <testcase classname="Volunteer Controller (Refactored) Member Integration should sync with member record data" name="Volunteer Controller (Refactored) Member Integration should sync with member record data" time="0.001">
    </testcase>
    <testcase classname="Volunteer Controller (Refactored) Member Integration should validate member eligibility for volunteering" name="Volunteer Controller (Refactored) Member Integration should validate member eligibility for volunteering" time="0.009">
    </testcase>
    <testcase classname="Volunteer Controller (Refactored) Timeline and Activity Tracking should update volunteer timeline" name="Volunteer Controller (Refactored) Timeline and Activity Tracking should update volunteer timeline" time="0.001">
    </testcase>
    <testcase classname="Volunteer Controller (Refactored) Timeline and Activity Tracking should track volunteer milestones" name="Volunteer Controller (Refactored) Timeline and Activity Tracking should track volunteer milestones" time="0.001">
    </testcase>
    <testcase classname="Volunteer Controller (Refactored) Volunteer Status Management should handle volunteer status transitions" name="Volunteer Controller (Refactored) Volunteer Status Management should handle volunteer status transitions" time="0.002">
    </testcase>
    <testcase classname="Volunteer Controller (Refactored) Volunteer Status Management should validate volunteer termination workflow" name="Volunteer Controller (Refactored) Volunteer Status Management should validate volunteer termination workflow" time="0.001">
    </testcase>
  </testsuite>
  <testsuite name="Donor Controller (New Infrastructure)" errors="0" failures="0" skipped="0" timestamp="2025-08-20T06:41:02" time="0.114" tests="24">
    <testcase classname="Donor Controller (New Infrastructure) Standard Controller Tests should load controller and handlers" name="Donor Controller (New Infrastructure) Standard Controller Tests should load controller and handlers" time="0.002">
    </testcase>
    <testcase classname="Donor Controller (New Infrastructure) Standard Controller Tests should execute refresh handler without errors" name="Donor Controller (New Infrastructure) Standard Controller Tests should execute refresh handler without errors" time="0.002">
    </testcase>
    <testcase classname="Donor Controller (New Infrastructure) Standard Controller Tests should not make excessive server calls during refresh" name="Donor Controller (New Infrastructure) Standard Controller Tests should not make excessive server calls during refresh" time="0.001">
    </testcase>
    <testcase classname="Donor Controller (New Infrastructure) Standard Controller Tests should execute quickly" name="Donor Controller (New Infrastructure) Standard Controller Tests should execute quickly" time="0.001">
    </testcase>
    <testcase classname="Donor Controller (New Infrastructure) Standard Controller Tests should handle network errors gracefully" name="Donor Controller (New Infrastructure) Standard Controller Tests should handle network errors gracefully" time="0.009">
    </testcase>
    <testcase classname="Donor Controller (New Infrastructure) Dutch ANBI Compliance should validate BSN for individual donors" name="Donor Controller (New Infrastructure) Dutch ANBI Compliance should validate BSN for individual donors" time="0.001">
    </testcase>
    <testcase classname="Donor Controller (New Infrastructure) Dutch ANBI Compliance should validate RSIN for organizational donors" name="Donor Controller (New Infrastructure) Dutch ANBI Compliance should validate RSIN for organizational donors" time="0.001">
    </testcase>
    <testcase classname="Donor Controller (New Infrastructure) Dutch ANBI Compliance should handle ANBI eligibility checks" name="Donor Controller (New Infrastructure) Dutch ANBI Compliance should handle ANBI eligibility checks" time="0">
    </testcase>
    <testcase classname="Donor Controller (New Infrastructure) Dutch ANBI Compliance should validate Dutch postal codes" name="Donor Controller (New Infrastructure) Dutch ANBI Compliance should validate Dutch postal codes" time="0.001">
    </testcase>
    <testcase classname="Donor Controller (New Infrastructure) Donor Type Management should handle donor type changes" name="Donor Controller (New Infrastructure) Donor Type Management should handle donor type changes" time="0.001">
    </testcase>
    <testcase classname="Donor Controller (New Infrastructure) Donor Type Management should update BSN/RSIN field labels based on donor type" name="Donor Controller (New Infrastructure) Donor Type Management should update BSN/RSIN field labels based on donor type" time="0.001">
    </testcase>
    <testcase classname="Donor Controller (New Infrastructure) Donation Tracking should calculate total donations correctly" name="Donor Controller (New Infrastructure) Donation Tracking should calculate total donations correctly" time="0.001">
    </testcase>
    <testcase classname="Donor Controller (New Infrastructure) Donation Tracking should track donation frequency patterns" name="Donor Controller (New Infrastructure) Donation Tracking should track donation frequency patterns" time="0.001">
    </testcase>
    <testcase classname="Donor Controller (New Infrastructure) Donation Tracking should handle donation date validation" name="Donor Controller (New Infrastructure) Donation Tracking should handle donation date validation" time="0.001">
    </testcase>
    <testcase classname="Donor Controller (New Infrastructure) Tax Compliance and Reporting should generate ANBI reporting data" name="Donor Controller (New Infrastructure) Tax Compliance and Reporting should generate ANBI reporting data" time="0">
    </testcase>
    <testcase classname="Donor Controller (New Infrastructure) Tax Compliance and Reporting should validate tax deduction thresholds" name="Donor Controller (New Infrastructure) Tax Compliance and Reporting should validate tax deduction thresholds" time="0.001">
    </testcase>
    <testcase classname="Donor Controller (New Infrastructure) Tax Compliance and Reporting should handle tax year reporting" name="Donor Controller (New Infrastructure) Tax Compliance and Reporting should handle tax year reporting" time="0.001">
    </testcase>
    <testcase classname="Donor Controller (New Infrastructure) Contact Information Management should validate email format" name="Donor Controller (New Infrastructure) Contact Information Management should validate email format" time="0.001">
    </testcase>
    <testcase classname="Donor Controller (New Infrastructure) Contact Information Management should handle contact information updates" name="Donor Controller (New Infrastructure) Contact Information Management should handle contact information updates" time="0.001">
    </testcase>
    <testcase classname="Donor Controller (New Infrastructure) Contact Information Management should validate Dutch phone number formats" name="Donor Controller (New Infrastructure) Contact Information Management should validate Dutch phone number formats" time="0.002">
    </testcase>
    <testcase classname="Donor Controller (New Infrastructure) Privacy and Data Protection should handle GDPR compliance for donor data" name="Donor Controller (New Infrastructure) Privacy and Data Protection should handle GDPR compliance for donor data" time="0.001">
    </testcase>
    <testcase classname="Donor Controller (New Infrastructure) Privacy and Data Protection should manage data retention policies" name="Donor Controller (New Infrastructure) Privacy and Data Protection should manage data retention policies" time="0.001">
    </testcase>
    <testcase classname="Donor Controller (New Infrastructure) Integration with Donation System should link to donation records" name="Donor Controller (New Infrastructure) Integration with Donation System should link to donation records" time="0.001">
    </testcase>
    <testcase classname="Donor Controller (New Infrastructure) Integration with Donation System should handle recurring donation setups" name="Donor Controller (New Infrastructure) Integration with Donation System should handle recurring donation setups" time="0.009">
    </testcase>
  </testsuite>
</testsuites>
